# JRE version: OpenJDK Runtime Environment (17.0.6) (build 17.0.6+0-b2043.56-10027231)
# Java VM: OpenJDK 64-Bit Server VM (17.0.6+0-b2043.56-10027231, mixed mode, tiered, compressed oops, compressed class ptrs, g1 gc, windows-amd64)
GC Precious Log:
 CPUs: 8 total, 8 available
 Memory: 7502M
 Large Page Support: Disabled
 NUMA Support: Disabled
 Compressed Oops: Enabled (32-bit)
 Heap Region Size: 1M
 Heap Min Capacity: 8M
 Heap Initial Capacity: 118M
 Heap Max Capacity: 2G
 Pre-touch: Disabled
 Parallel Workers: 8
 Concurrent Workers: 2
 Concurrent Refinement Workers: 8
 Periodic GC: Disabled
Heap:
 garbage-first heap   total 368640K, used 270336K [0x0000000080000000, 0x0000000100000000)
  region size 1024K, 6 young (6144K), 6 survivors (6144K)
 Metaspace       used 119111K, committed 119872K, reserved 1155072K
  class space    used 16291K, committed 16640K, reserved 1048576K
GC Heap History (20 events):
Event: 22.136 GC heap after
{Heap after GC invocations=34 (full 0):
 garbage-first heap   total 184320K, used 105737K [0x0000000080000000, 0x0000000100000000)
  region size 1024K, 1 young (1024K), 1 survivors (1024K)
 Metaspace       used 103830K, committed 104512K, reserved 1146880K
  class space    used 14085K, committed 14400K, reserved 1048576K
}
Event: 22.470 GC heap before
{Heap before GC invocations=34 (full 0):
 garbage-first heap   total 184320K, used 147721K [0x0000000080000000, 0x0000000100000000)
  region size 1024K, 43 young (44032K), 1 survivors (1024K)
 Metaspace       used 103967K, committed 104704K, reserved 1146880K
  class space    used 14085K, committed 14400K, reserved 1048576K
}
Event: 22.479 GC heap after
{Heap after GC invocations=35 (full 0):
 garbage-first heap   total 368640K, used 109513K [0x0000000080000000, 0x0000000100000000)
  region size 1024K, 5 young (5120K), 5 survivors (5120K)
 Metaspace       used 103967K, committed 104704K, reserved 1146880K
  class space    used 14085K, committed 14400K, reserved 1048576K
}
Event: 24.644 GC heap before
{Heap before GC invocations=36 (full 0):
 garbage-first heap   total 368640K, used 280521K [0x0000000080000000, 0x0000000100000000)
  region size 1024K, 173 young (177152K), 5 survivors (5120K)
 Metaspace       used 105978K, committed 106688K, reserved 1146880K
  class space    used 14305K, committed 14656K, reserved 1048576K
}
Event: 24.670 GC heap after
{Heap after GC invocations=37 (full 0):
 garbage-first heap   total 368640K, used 121193K [0x0000000080000000, 0x0000000100000000)
  region size 1024K, 17 young (17408K), 17 survivors (17408K)
 Metaspace       used 105978K, committed 106688K, reserved 1146880K
  class space    used 14305K, committed 14656K, reserved 1048576K
}
Event: 24.676 GC heap before
{Heap before GC invocations=37 (full 0):
 garbage-first heap   total 368640K, used 122217K [0x0000000080000000, 0x0000000100000000)
  region size 1024K, 18 young (18432K), 17 survivors (17408K)
 Metaspace       used 105992K, committed 106688K, reserved 1146880K
  class space    used 14308K, committed 14656K, reserved 1048576K
}
Event: 24.693 GC heap after
{Heap after GC invocations=38 (full 0):
 garbage-first heap   total 368640K, used 120417K [0x0000000080000000, 0x0000000100000000)
  region size 1024K, 2 young (2048K), 2 survivors (2048K)
 Metaspace       used 105992K, committed 106688K, reserved 1146880K
  class space    used 14308K, committed 14656K, reserved 1048576K
}
Event: 26.720 GC heap before
{Heap before GC invocations=38 (full 0):
 garbage-first heap   total 368640K, used 322145K [0x0000000080000000, 0x0000000100000000)
  region size 1024K, 159 young (162816K), 2 survivors (2048K)
 Metaspace       used 112627K, committed 113408K, reserved 1146880K
  class space    used 15444K, committed 15808K, reserved 1048576K
}
Event: 26.762 GC heap after
{Heap after GC invocations=39 (full 0):
 garbage-first heap   total 368640K, used 183296K [0x0000000080000000, 0x0000000100000000)
  region size 1024K, 20 young (20480K), 20 survivors (20480K)
 Metaspace       used 112627K, committed 113408K, reserved 1146880K
  class space    used 15444K, committed 15808K, reserved 1048576K
}
Event: 27.299 GC heap before
{Heap before GC invocations=39 (full 0):
 garbage-first heap   total 368640K, used 279552K [0x0000000080000000, 0x0000000100000000)
  region size 1024K, 115 young (117760K), 20 survivors (20480K)
 Metaspace       used 112900K, committed 113664K, reserved 1146880K
  class space    used 15445K, committed 15808K, reserved 1048576K
}
Event: 27.391 GC heap after
{Heap after GC invocations=40 (full 0):
 garbage-first heap   total 368640K, used 230106K [0x0000000080000000, 0x0000000100000000)
  region size 1024K, 15 young (15360K), 15 survivors (15360K)
 Metaspace       used 112900K, committed 113664K, reserved 1146880K
  class space    used 15445K, committed 15808K, reserved 1048576K
}
Event: 28.444 GC heap before
{Heap before GC invocations=40 (full 0):
 garbage-first heap   total 368640K, used 285402K [0x0000000080000000, 0x0000000100000000)
  region size 1024K, 69 young (70656K), 15 survivors (15360K)
 Metaspace       used 116605K, committed 117440K, reserved 1155072K
  class space    used 15975K, committed 16384K, reserved 1048576K
}
Event: 28.475 GC heap after
{Heap after GC invocations=41 (full 0):
 garbage-first heap   total 368640K, used 242176K [0x0000000080000000, 0x0000000100000000)
  region size 1024K, 9 young (9216K), 9 survivors (9216K)
 Metaspace       used 116605K, committed 117440K, reserved 1155072K
  class space    used 15975K, committed 16384K, reserved 1048576K
}
Event: 29.090 GC heap before
{Heap before GC invocations=41 (full 0):
 garbage-first heap   total 368640K, used 293376K [0x0000000080000000, 0x0000000100000000)
  region size 1024K, 59 young (60416K), 9 survivors (9216K)
 Metaspace       used 117462K, committed 118208K, reserved 1155072K
  class space    used 16085K, committed 16448K, reserved 1048576K
}
Event: 29.107 GC heap after
{Heap after GC invocations=42 (full 0):
 garbage-first heap   total 368640K, used 249322K [0x0000000080000000, 0x0000000100000000)
  region size 1024K, 7 young (7168K), 7 survivors (7168K)
 Metaspace       used 117462K, committed 118208K, reserved 1155072K
  class space    used 16085K, committed 16448K, reserved 1048576K
}
Event: 29.850 GC heap before
{Heap before GC invocations=42 (full 0):
 garbage-first heap   total 368640K, used 306666K [0x0000000080000000, 0x0000000100000000)
  region size 1024K, 56 young (57344K), 7 survivors (7168K)
 Metaspace       used 118515K, committed 119296K, reserved 1155072K
  class space    used 16215K, committed 16576K, reserved 1048576K
}
Event: 29.865 GC heap after
{Heap after GC invocations=43 (full 0):
 garbage-first heap   total 368640K, used 261686K [0x0000000080000000, 0x0000000100000000)
  region size 1024K, 7 young (7168K), 7 survivors (7168K)
 Metaspace       used 118515K, committed 119296K, reserved 1155072K
  class space    used 16215K, committed 16576K, reserved 1048576K
}
Event: 30.263 GC heap before
{Heap before GC invocations=43 (full 0):
 garbage-first heap   total 368640K, used 308790K [0x0000000080000000, 0x0000000100000000)
  region size 1024K, 50 young (51200K), 7 survivors (7168K)
 Metaspace       used 118903K, committed 119744K, reserved 1155072K
  class space    used 16260K, committed 16640K, reserved 1048576K
}
Event: 30.276 GC heap after
{Heap after GC invocations=44 (full 0):
 garbage-first heap   total 368640K, used 266836K [0x0000000080000000, 0x0000000100000000)
  region size 1024K, 3 young (3072K), 3 survivors (3072K)
 Metaspace       used 118903K, committed 119744K, reserved 1155072K
  class space    used 16260K, committed 16640K, reserved 1048576K
}
Event: 30.712 GC heap before
{Heap before GC invocations=44 (full 0):
 garbage-first heap   total 368640K, used 309844K [0x0000000080000000, 0x0000000100000000)
  region size 1024K, 46 young (47104K), 3 survivors (3072K)
 Metaspace       used 119111K, committed 119872K, reserved 1155072K
  class space    used 16291K, committed 16640K, reserved 1048576K
}

