# JRE version: OpenJDK Runtime Environment (17.0.6) (build 17.0.6+0-b2043.56-10027231)
# Java VM: OpenJDK 64-Bit Server VM (17.0.6+0-b2043.56-10027231, mixed mode, tiered, compressed oops, compressed class ptrs, g1 gc, windows-amd64)
GC Precious Log:
 CPUs: 8 total, 8 available
 Memory: 7502M
 Large Page Support: Disabled
 NUMA Support: Disabled
 Compressed Oops: Enabled (32-bit)
 Heap Region Size: 1M
 Heap Min Capacity: 8M
 Heap Initial Capacity: 118M
 Heap Max Capacity: 2G
 Pre-touch: Disabled
 Parallel Workers: 8
 Concurrent Workers: 2
 Concurrent Refinement Workers: 8
 Periodic GC: Disabled
Heap:
 garbage-first heap   total 307200K, used 267218K [0x0000000080000000, 0x0000000100000000)
  region size 1024K, 2 young (2048K), 2 survivors (2048K)
 Metaspace       used 133921K, committed 134720K, reserved 1171456K
  class space    used 17556K, committed 17984K, reserved 1048576K
GC Heap History (20 events):
Event: 13.138 GC heap after
{Heap after GC invocations=38 (full 0):
 garbage-first heap   total 307200K, used 89494K [0x0000000080000000, 0x0000000100000000)
  region size 1024K, 1 young (1024K), 1 survivors (1024K)
 Metaspace       used 96497K, committed 97152K, reserved 1138688K
  class space    used 13162K, committed 13504K, reserved 1048576K
}
Event: 14.474 GC heap before
{Heap before GC invocations=38 (full 0):
 garbage-first heap   total 307200K, used 231830K [0x0000000080000000, 0x0000000100000000)
  region size 1024K, 140 young (143360K), 1 survivors (1024K)
 Metaspace       used 100610K, committed 101312K, reserved 1138688K
  class space    used 13659K, committed 14016K, reserved 1048576K
}
Event: 14.487 GC heap after
{Heap after GC invocations=39 (full 0):
 garbage-first heap   total 307200K, used 105545K [0x0000000080000000, 0x0000000100000000)
  region size 1024K, 17 young (17408K), 17 survivors (17408K)
 Metaspace       used 100610K, committed 101312K, reserved 1138688K
  class space    used 13659K, committed 14016K, reserved 1048576K
}
Event: 16.121 GC heap before
{Heap before GC invocations=39 (full 0):
 garbage-first heap   total 307200K, used 223305K [0x0000000080000000, 0x0000000100000000)
  region size 1024K, 133 young (136192K), 17 survivors (17408K)
 Metaspace       used 104732K, committed 105472K, reserved 1146880K
  class space    used 14162K, committed 14528K, reserved 1048576K
}
Event: 16.140 GC heap after
{Heap after GC invocations=40 (full 0):
 garbage-first heap   total 307200K, used 115006K [0x0000000080000000, 0x0000000100000000)
  region size 1024K, 12 young (12288K), 12 survivors (12288K)
 Metaspace       used 104732K, committed 105472K, reserved 1146880K
  class space    used 14162K, committed 14528K, reserved 1048576K
}
Event: 16.955 GC heap before
{Heap before GC invocations=40 (full 0):
 garbage-first heap   total 307200K, used 231742K [0x0000000080000000, 0x0000000100000000)
  region size 1024K, 127 young (130048K), 12 survivors (12288K)
 Metaspace       used 105148K, committed 105920K, reserved 1146880K
  class space    used 14205K, committed 14592K, reserved 1048576K
}
Event: 16.971 GC heap after
{Heap after GC invocations=41 (full 0):
 garbage-first heap   total 307200K, used 121384K [0x0000000080000000, 0x0000000100000000)
  region size 1024K, 9 young (9216K), 9 survivors (9216K)
 Metaspace       used 105148K, committed 105920K, reserved 1146880K
  class space    used 14205K, committed 14592K, reserved 1048576K
}
Event: 19.180 GC heap before
{Heap before GC invocations=41 (full 0):
 garbage-first heap   total 307200K, used 241192K [0x0000000080000000, 0x0000000100000000)
  region size 1024K, 125 young (128000K), 9 survivors (9216K)
 Metaspace       used 107158K, committed 107968K, reserved 1146880K
  class space    used 14440K, committed 14848K, reserved 1048576K
}
Event: 19.197 GC heap after
{Heap after GC invocations=42 (full 0):
 garbage-first heap   total 307200K, used 135845K [0x0000000080000000, 0x0000000100000000)
  region size 1024K, 16 young (16384K), 16 survivors (16384K)
 Metaspace       used 107158K, committed 107968K, reserved 1146880K
  class space    used 14440K, committed 14848K, reserved 1048576K
}
Event: 20.758 GC heap before
{Heap before GC invocations=42 (full 0):
 garbage-first heap   total 307200K, used 251556K [0x0000000080000000, 0x0000000100000000)
  region size 1024K, 120 young (122880K), 16 survivors (16384K)
 Metaspace       used 117537K, committed 118272K, reserved 1155072K
  class space    used 15530K, committed 15872K, reserved 1048576K
}
Event: 20.773 GC heap after
{Heap after GC invocations=43 (full 0):
 garbage-first heap   total 307200K, used 147791K [0x0000000080000000, 0x0000000100000000)
  region size 1024K, 15 young (15360K), 15 survivors (15360K)
 Metaspace       used 117537K, committed 118272K, reserved 1155072K
  class space    used 15530K, committed 15872K, reserved 1048576K
}
Event: 22.080 GC heap before
{Heap before GC invocations=43 (full 0):
 garbage-first heap   total 307200K, used 244047K [0x0000000080000000, 0x0000000100000000)
  region size 1024K, 106 young (108544K), 15 survivors (15360K)
 Metaspace       used 130793K, committed 131648K, reserved 1163264K
  class space    used 17143K, committed 17536K, reserved 1048576K
}
Event: 22.096 GC heap after
{Heap after GC invocations=44 (full 0):
 garbage-first heap   total 307200K, used 174080K [0x0000000080000000, 0x0000000100000000)
  region size 1024K, 14 young (14336K), 14 survivors (14336K)
 Metaspace       used 130793K, committed 131648K, reserved 1163264K
  class space    used 17143K, committed 17536K, reserved 1048576K
}
Event: 22.694 GC heap before
{Heap before GC invocations=44 (full 0):
 garbage-first heap   total 307200K, used 236544K [0x0000000080000000, 0x0000000100000000)
  region size 1024K, 75 young (76800K), 14 survivors (14336K)
 Metaspace       used 133835K, committed 134656K, reserved 1171456K
  class space    used 17556K, committed 17984K, reserved 1048576K
}
Event: 22.718 GC heap after
{Heap after GC invocations=45 (full 0):
 garbage-first heap   total 307200K, used 209818K [0x0000000080000000, 0x0000000100000000)
  region size 1024K, 10 young (10240K), 10 survivors (10240K)
 Metaspace       used 133835K, committed 134656K, reserved 1171456K
  class space    used 17556K, committed 17984K, reserved 1048576K
}
Event: 22.870 GC heap before
{Heap before GC invocations=45 (full 0):
 garbage-first heap   total 307200K, used 243610K [0x0000000080000000, 0x0000000100000000)
  region size 1024K, 43 young (44032K), 10 survivors (10240K)
 Metaspace       used 133921K, committed 134720K, reserved 1171456K
  class space    used 17556K, committed 17984K, reserved 1048576K
}
Event: 22.888 GC heap after
{Heap after GC invocations=46 (full 0):
 garbage-first heap   total 307200K, used 238592K [0x0000000080000000, 0x0000000100000000)
  region size 1024K, 6 young (6144K), 6 survivors (6144K)
 Metaspace       used 133921K, committed 134720K, reserved 1171456K
  class space    used 17556K, committed 17984K, reserved 1048576K
}
Event: 22.917 GC heap before
{Heap before GC invocations=46 (full 0):
 garbage-first heap   total 307200K, used 251904K [0x0000000080000000, 0x0000000100000000)
  region size 1024K, 19 young (19456K), 6 survivors (6144K)
 Metaspace       used 133921K, committed 134720K, reserved 1171456K
  class space    used 17556K, committed 17984K, reserved 1048576K
}
Event: 22.926 GC heap after
{Heap after GC invocations=47 (full 0):
 garbage-first heap   total 307200K, used 252928K [0x0000000080000000, 0x0000000100000000)
  region size 1024K, 3 young (3072K), 3 survivors (3072K)
 Metaspace       used 133921K, committed 134720K, reserved 1171456K
  class space    used 17556K, committed 17984K, reserved 1048576K
}
Event: 22.961 GC heap before
{Heap before GC invocations=47 (full 0):
 garbage-first heap   total 307200K, used 265216K [0x0000000080000000, 0x0000000100000000)
  region size 1024K, 15 young (15360K), 3 survivors (3072K)
 Metaspace       used 133921K, committed 134720K, reserved 1171456K
  class space    used 17556K, committed 17984K, reserved 1048576K
}

