# JRE version: OpenJDK Runtime Environment (17.0.6) (build 17.0.6+0-b2043.56-10027231)
# Java VM: OpenJDK 64-Bit Server VM (17.0.6+0-b2043.56-10027231, mixed mode, tiered, compressed oops, compressed class ptrs, g1 gc, windows-amd64)
GC Precious Log:
 CPUs: 8 total, 8 available
 Memory: 7502M
 Large Page Support: Disabled
 NUMA Support: Disabled
 Compressed Oops: Enabled (32-bit)
 Heap Region Size: 1M
 Heap Min Capacity: 8M
 Heap Initial Capacity: 118M
 Heap Max Capacity: 1876M
 Pre-touch: Disabled
 Parallel Workers: 8
 Concurrent Workers: 2
 Concurrent Refinement Workers: 8
 Periodic GC: Disabled
Heap:
 garbage-first heap   total 119808K, used 56988K [0x000000008ac00000, 0x0000000100000000)
  region size 1024K, 23 young (23552K), 8 survivors (8192K)
 Metaspace       used 58841K, committed 59136K, reserved 1105920K
  class space    used 7053K, committed 7232K, reserved 1048576K
GC Heap History (20 events):
Event: 2.652 GC heap before
{Heap before GC invocations=3 (full 0):
 garbage-first heap   total 40960K, used 32956K [0x000000008ac00000, 0x0000000100000000)
  region size 1024K, 23 young (23552K), 4 survivors (4096K)
 Metaspace       used 26652K, committed 26944K, reserved 1073152K
  class space    used 2965K, committed 3072K, reserved 1048576K
}
Event: 2.674 GC heap after
{Heap after GC invocations=4 (full 0):
 garbage-first heap   total 45056K, used 20815K [0x000000008ac00000, 0x0000000100000000)
  region size 1024K, 3 young (3072K), 3 survivors (3072K)
 Metaspace       used 26652K, committed 26944K, reserved 1073152K
  class space    used 2965K, committed 3072K, reserved 1048576K
}
Event: 2.748 GC heap before
{Heap before GC invocations=4 (full 0):
 garbage-first heap   total 45056K, used 21839K [0x000000008ac00000, 0x0000000100000000)
  region size 1024K, 4 young (4096K), 3 survivors (3072K)
 Metaspace       used 27564K, committed 27776K, reserved 1081344K
  class space    used 3068K, committed 3136K, reserved 1048576K
}
Event: 2.758 GC heap after
{Heap after GC invocations=5 (full 0):
 garbage-first heap   total 45056K, used 22118K [0x000000008ac00000, 0x0000000100000000)
  region size 1024K, 1 young (1024K), 1 survivors (1024K)
 Metaspace       used 27564K, committed 27776K, reserved 1081344K
  class space    used 3068K, committed 3136K, reserved 1048576K
}
Event: 3.065 GC heap before
{Heap before GC invocations=5 (full 0):
 garbage-first heap   total 45056K, used 30310K [0x000000008ac00000, 0x0000000100000000)
  region size 1024K, 10 young (10240K), 1 survivors (1024K)
 Metaspace       used 30221K, committed 30464K, reserved 1081344K
  class space    used 3433K, committed 3584K, reserved 1048576K
}
Event: 3.069 GC heap after
{Heap after GC invocations=6 (full 0):
 garbage-first heap   total 45056K, used 22242K [0x000000008ac00000, 0x0000000100000000)
  region size 1024K, 1 young (1024K), 1 survivors (1024K)
 Metaspace       used 30221K, committed 30464K, reserved 1081344K
  class space    used 3433K, committed 3584K, reserved 1048576K
}
Event: 3.511 GC heap before
{Heap before GC invocations=7 (full 0):
 garbage-first heap   total 45056K, used 30434K [0x000000008ac00000, 0x0000000100000000)
  region size 1024K, 11 young (11264K), 1 survivors (1024K)
 Metaspace       used 32778K, committed 33088K, reserved 1081344K
  class space    used 4014K, committed 4160K, reserved 1048576K
}
Event: 3.516 GC heap after
{Heap after GC invocations=8 (full 0):
 garbage-first heap   total 66560K, used 22732K [0x000000008ac00000, 0x0000000100000000)
  region size 1024K, 2 young (2048K), 2 survivors (2048K)
 Metaspace       used 32778K, committed 33088K, reserved 1081344K
  class space    used 4014K, committed 4160K, reserved 1048576K
}
Event: 3.535 GC heap before
{Heap before GC invocations=8 (full 0):
 garbage-first heap   total 66560K, used 23756K [0x000000008ac00000, 0x0000000100000000)
  region size 1024K, 3 young (3072K), 2 survivors (2048K)
 Metaspace       used 32779K, committed 33088K, reserved 1081344K
  class space    used 4014K, committed 4160K, reserved 1048576K
}
Event: 3.542 GC heap after
{Heap after GC invocations=9 (full 0):
 garbage-first heap   total 66560K, used 20933K [0x000000008ac00000, 0x0000000100000000)
  region size 1024K, 1 young (1024K), 1 survivors (1024K)
 Metaspace       used 32779K, committed 33088K, reserved 1081344K
  class space    used 4014K, committed 4160K, reserved 1048576K
}
Event: 4.066 GC heap before
{Heap before GC invocations=9 (full 0):
 garbage-first heap   total 66560K, used 49605K [0x000000008ac00000, 0x0000000100000000)
  region size 1024K, 27 young (27648K), 1 survivors (1024K)
 Metaspace       used 36799K, committed 37056K, reserved 1081344K
  class space    used 4670K, committed 4800K, reserved 1048576K
}
Event: 4.076 GC heap after
{Heap after GC invocations=10 (full 0):
 garbage-first heap   total 66560K, used 26176K [0x000000008ac00000, 0x0000000100000000)
  region size 1024K, 4 young (4096K), 4 survivors (4096K)
 Metaspace       used 36799K, committed 37056K, reserved 1081344K
  class space    used 4670K, committed 4800K, reserved 1048576K
}
Event: 4.574 GC heap before
{Heap before GC invocations=10 (full 0):
 garbage-first heap   total 66560K, used 47680K [0x000000008ac00000, 0x0000000100000000)
  region size 1024K, 26 young (26624K), 4 survivors (4096K)
 Metaspace       used 40800K, committed 41024K, reserved 1089536K
  class space    used 5101K, committed 5184K, reserved 1048576K
}
Event: 4.588 GC heap after
{Heap after GC invocations=11 (full 0):
 garbage-first heap   total 66560K, used 26990K [0x000000008ac00000, 0x0000000100000000)
  region size 1024K, 4 young (4096K), 4 survivors (4096K)
 Metaspace       used 40800K, committed 41024K, reserved 1089536K
  class space    used 5101K, committed 5184K, reserved 1048576K
}
Event: 5.162 GC heap before
{Heap before GC invocations=11 (full 0):
 garbage-first heap   total 66560K, used 47470K [0x000000008ac00000, 0x0000000100000000)
  region size 1024K, 25 young (25600K), 4 survivors (4096K)
 Metaspace       used 45291K, committed 45568K, reserved 1089536K
  class space    used 5504K, committed 5632K, reserved 1048576K
}
Event: 5.173 GC heap after
{Heap after GC invocations=12 (full 0):
 garbage-first heap   total 132096K, used 29185K [0x000000008ac00000, 0x0000000100000000)
  region size 1024K, 2 young (2048K), 2 survivors (2048K)
 Metaspace       used 45291K, committed 45568K, reserved 1089536K
  class space    used 5504K, committed 5632K, reserved 1048576K
}
Event: 6.250 GC heap before
{Heap before GC invocations=12 (full 0):
 garbage-first heap   total 132096K, used 51713K [0x000000008ac00000, 0x0000000100000000)
  region size 1024K, 23 young (23552K), 2 survivors (2048K)
 Metaspace       used 50920K, committed 51136K, reserved 1097728K
  class space    used 6150K, committed 6272K, reserved 1048576K
}
Event: 6.261 GC heap after
{Heap after GC invocations=13 (full 0):
 garbage-first heap   total 132096K, used 33986K [0x000000008ac00000, 0x0000000100000000)
  region size 1024K, 5 young (5120K), 5 survivors (5120K)
 Metaspace       used 50920K, committed 51136K, reserved 1097728K
  class space    used 6150K, committed 6272K, reserved 1048576K
}
Event: 8.602 GC heap before
{Heap before GC invocations=14 (full 0):
 garbage-first heap   total 119808K, used 92354K [0x000000008ac00000, 0x0000000100000000)
  region size 1024K, 61 young (62464K), 5 survivors (5120K)
 Metaspace       used 58788K, committed 59136K, reserved 1105920K
  class space    used 7053K, committed 7232K, reserved 1048576K
}
Event: 8.630 GC heap after
{Heap after GC invocations=15 (full 0):
 garbage-first heap   total 119808K, used 42652K [0x000000008ac00000, 0x0000000100000000)
  region size 1024K, 8 young (8192K), 8 survivors (8192K)
 Metaspace       used 58788K, committed 59136K, reserved 1105920K
  class space    used 7053K, committed 7232K, reserved 1048576K
}

