# JRE version: OpenJDK Runtime Environment (17.0.6) (build 17.0.6+0-b2043.56-10027231)
# Java VM: OpenJDK 64-Bit Server VM (17.0.6+0-b2043.56-10027231, mixed mode, tiered, compressed oops, compressed class ptrs, g1 gc, windows-amd64)
GC Precious Log:
 CPUs: 8 total, 8 available
 Memory: 7502M
 Large Page Support: Disabled
 NUMA Support: Disabled
 Compressed Oops: Enabled (32-bit)
 Heap Region Size: 1M
 Heap Min Capacity: 8M
 Heap Initial Capacity: 118M
 Heap Max Capacity: 2G
 Pre-touch: Disabled
 Parallel Workers: 8
 Concurrent Workers: 2
 Concurrent Refinement Workers: 8
 Periodic GC: Disabled
Heap:
 garbage-first heap   total 80896K, used 49192K [0x0000000080000000, 0x0000000100000000)
  region size 1024K, 5 young (5120K), 3 survivors (3072K)
 Metaspace       used 46347K, committed 46784K, reserved 1089536K
  class space    used 6143K, committed 6336K, reserved 1048576K
GC Heap History (20 events):
Event: 5.503 GC heap before
{Heap before GC invocations=2 (full 0):
 garbage-first heap   total 120832K, used 50570K [0x0000000080000000, 0x0000000100000000)
  region size 1024K, 40 young (40960K), 4 survivors (4096K)
 Metaspace       used 21241K, committed 21504K, reserved 1073152K
  class space    used 2559K, committed 2688K, reserved 1048576K
}
Event: 5.511 GC heap after
{Heap after GC invocations=3 (full 0):
 garbage-first heap   total 120832K, used 18759K [0x0000000080000000, 0x0000000100000000)
  region size 1024K, 8 young (8192K), 8 survivors (8192K)
 Metaspace       used 21241K, committed 21504K, reserved 1073152K
  class space    used 2559K, committed 2688K, reserved 1048576K
}
Event: 6.723 GC heap before
{Heap before GC invocations=4 (full 0):
 garbage-first heap   total 68608K, used 50503K [0x0000000080000000, 0x0000000100000000)
  region size 1024K, 40 young (40960K), 8 survivors (8192K)
 Metaspace       used 26281K, committed 26560K, reserved 1073152K
  class space    used 3449K, committed 3584K, reserved 1048576K
}
Event: 6.760 GC heap after
{Heap after GC invocations=5 (full 0):
 garbage-first heap   total 68608K, used 20980K [0x0000000080000000, 0x0000000100000000)
  region size 1024K, 3 young (3072K), 3 survivors (3072K)
 Metaspace       used 26281K, committed 26560K, reserved 1073152K
  class space    used 3449K, committed 3584K, reserved 1048576K
}
Event: 7.612 GC heap before
{Heap before GC invocations=5 (full 0):
 garbage-first heap   total 68608K, used 53748K [0x0000000080000000, 0x0000000100000000)
  region size 1024K, 28 young (28672K), 3 survivors (3072K)
 Metaspace       used 30252K, committed 30592K, reserved 1081344K
  class space    used 4108K, committed 4288K, reserved 1048576K
}
Event: 7.617 GC heap after
{Heap after GC invocations=6 (full 0):
 garbage-first heap   total 68608K, used 32127K [0x0000000080000000, 0x0000000100000000)
  region size 1024K, 4 young (4096K), 4 survivors (4096K)
 Metaspace       used 30252K, committed 30592K, reserved 1081344K
  class space    used 4108K, committed 4288K, reserved 1048576K
}
Event: 8.108 GC heap before
{Heap before GC invocations=6 (full 0):
 garbage-first heap   total 68608K, used 49535K [0x0000000080000000, 0x0000000100000000)
  region size 1024K, 21 young (21504K), 4 survivors (4096K)
 Metaspace       used 32427K, committed 32832K, reserved 1081344K
  class space    used 4476K, committed 4672K, reserved 1048576K
}
Event: 8.111 GC heap after
{Heap after GC invocations=7 (full 0):
 garbage-first heap   total 68608K, used 32830K [0x0000000080000000, 0x0000000100000000)
  region size 1024K, 1 young (1024K), 1 survivors (1024K)
 Metaspace       used 32427K, committed 32832K, reserved 1081344K
  class space    used 4476K, committed 4672K, reserved 1048576K
}
Event: 8.652 GC heap before
{Heap before GC invocations=7 (full 0):
 garbage-first heap   total 68608K, used 51262K [0x0000000080000000, 0x0000000100000000)
  region size 1024K, 19 young (19456K), 1 survivors (1024K)
 Metaspace       used 35552K, committed 35904K, reserved 1081344K
  class space    used 4939K, committed 5120K, reserved 1048576K
}
Event: 8.656 GC heap after
{Heap after GC invocations=8 (full 0):
 garbage-first heap   total 68608K, used 33567K [0x0000000080000000, 0x0000000100000000)
  region size 1024K, 2 young (2048K), 2 survivors (2048K)
 Metaspace       used 35552K, committed 35904K, reserved 1081344K
  class space    used 4939K, committed 5120K, reserved 1048576K
}
Event: 9.343 GC heap before
{Heap before GC invocations=9 (full 0):
 garbage-first heap   total 68608K, used 51999K [0x0000000080000000, 0x0000000100000000)
  region size 1024K, 21 young (21504K), 2 survivors (2048K)
 Metaspace       used 41168K, committed 41472K, reserved 1089536K
  class space    used 5506K, committed 5632K, reserved 1048576K
}
Event: 9.349 GC heap after
{Heap after GC invocations=10 (full 0):
 garbage-first heap   total 68608K, used 37827K [0x0000000080000000, 0x0000000100000000)
  region size 1024K, 3 young (3072K), 3 survivors (3072K)
 Metaspace       used 41168K, committed 41472K, reserved 1089536K
  class space    used 5506K, committed 5632K, reserved 1048576K
}
Event: 9.478 GC heap before
{Heap before GC invocations=11 (full 0):
 garbage-first heap   total 68608K, used 52163K [0x0000000080000000, 0x0000000100000000)
  region size 1024K, 17 young (17408K), 3 survivors (3072K)
 Metaspace       used 41410K, committed 41792K, reserved 1089536K
  class space    used 5527K, committed 5696K, reserved 1048576K
}
Event: 9.484 GC heap after
{Heap after GC invocations=12 (full 0):
 garbage-first heap   total 68608K, used 39567K [0x0000000080000000, 0x0000000100000000)
  region size 1024K, 2 young (2048K), 2 survivors (2048K)
 Metaspace       used 41410K, committed 41792K, reserved 1089536K
  class space    used 5527K, committed 5696K, reserved 1048576K
}
Event: 9.658 GC heap before
{Heap before GC invocations=12 (full 0):
 garbage-first heap   total 68608K, used 47759K [0x0000000080000000, 0x0000000100000000)
  region size 1024K, 12 young (12288K), 2 survivors (2048K)
 Metaspace       used 41880K, committed 42304K, reserved 1089536K
  class space    used 5573K, committed 5760K, reserved 1048576K
}
Event: 9.661 GC heap after
{Heap after GC invocations=13 (full 0):
 garbage-first heap   total 68608K, used 40602K [0x0000000080000000, 0x0000000100000000)
  region size 1024K, 2 young (2048K), 2 survivors (2048K)
 Metaspace       used 41880K, committed 42304K, reserved 1089536K
  class space    used 5573K, committed 5760K, reserved 1048576K
}
Event: 10.079 GC heap before
{Heap before GC invocations=14 (full 0):
 garbage-first heap   total 76800K, used 55962K [0x0000000080000000, 0x0000000100000000)
  region size 1024K, 14 young (14336K), 2 survivors (2048K)
 Metaspace       used 44337K, committed 44736K, reserved 1089536K
  class space    used 5826K, committed 6016K, reserved 1048576K
}
Event: 10.082 GC heap after
{Heap after GC invocations=15 (full 0):
 garbage-first heap   total 76800K, used 41081K [0x0000000080000000, 0x0000000100000000)
  region size 1024K, 1 young (1024K), 1 survivors (1024K)
 Metaspace       used 44337K, committed 44736K, reserved 1089536K
  class space    used 5826K, committed 6016K, reserved 1048576K
}
Event: 10.669 GC heap before
{Heap before GC invocations=15 (full 0):
 garbage-first heap   total 76800K, used 59513K [0x0000000080000000, 0x0000000100000000)
  region size 1024K, 20 young (20480K), 1 survivors (1024K)
 Metaspace       used 46347K, committed 46784K, reserved 1089536K
  class space    used 6143K, committed 6336K, reserved 1048576K
}
Event: 10.674 GC heap after
{Heap after GC invocations=16 (full 0):
 garbage-first heap   total 76800K, used 43048K [0x0000000080000000, 0x0000000100000000)
  region size 1024K, 3 young (3072K), 3 survivors (3072K)
 Metaspace       used 46347K, committed 46784K, reserved 1089536K
  class space    used 6143K, committed 6336K, reserved 1048576K
}

