# JRE version: OpenJDK Runtime Environment (17.0.6) (build 17.0.6+0-b2043.56-10027231)
# Java VM: OpenJDK 64-Bit Server VM (17.0.6+0-b2043.56-10027231, mixed mode, tiered, compressed oops, compressed class ptrs, g1 gc, windows-amd64)
GC Precious Log:
 CPUs: 8 total, 8 available
 Memory: 7502M
 Large Page Support: Disabled
 NUMA Support: Disabled
 Compressed Oops: Enabled (32-bit)
 Heap Region Size: 1M
 Heap Min Capacity: 8M
 Heap Initial Capacity: 118M
 Heap Max Capacity: 2G
 Pre-touch: Disabled
 Parallel Workers: 8
 Concurrent Workers: 2
 Concurrent Refinement Workers: 8
 Periodic GC: Disabled
Heap:
 garbage-first heap   total 155648K, used 99388K [0x0000000080000000, 0x0000000100000000)
  region size 1024K, 3 young (3072K), 3 survivors (3072K)
 Metaspace       used 81852K, committed 82560K, reserved 1122304K
  class space    used 10849K, committed 11200K, reserved 1048576K
GC Heap History (20 events):
Event: 12.571 GC heap after
{Heap after GC invocations=29 (full 0):
 garbage-first heap   total 106496K, used 62883K [0x0000000080000000, 0x0000000100000000)
  region size 1024K, 2 young (2048K), 2 survivors (2048K)
 Metaspace       used 56213K, committed 56832K, reserved 1105920K
  class space    used 7528K, committed 7808K, reserved 1048576K
}
Event: 12.911 GC heap before
{Heap before GC invocations=30 (full 0):
 garbage-first heap   total 114688K, used 84387K [0x0000000080000000, 0x0000000100000000)
  region size 1024K, 16 young (16384K), 2 survivors (2048K)
 Metaspace       used 57259K, committed 57856K, reserved 1105920K
  class space    used 7657K, committed 7936K, reserved 1048576K
}
Event: 12.914 GC heap after
{Heap after GC invocations=31 (full 0):
 garbage-first heap   total 114688K, used 74935K [0x0000000080000000, 0x0000000100000000)
  region size 1024K, 2 young (2048K), 2 survivors (2048K)
 Metaspace       used 57259K, committed 57856K, reserved 1105920K
  class space    used 7657K, committed 7936K, reserved 1048576K
}
Event: 12.960 GC heap before
{Heap before GC invocations=31 (full 0):
 garbage-first heap   total 114688K, used 76983K [0x0000000080000000, 0x0000000100000000)
  region size 1024K, 5 young (5120K), 2 survivors (2048K)
 Metaspace       used 57600K, committed 58240K, reserved 1105920K
  class space    used 7710K, committed 8000K, reserved 1048576K
}
Event: 12.962 GC heap after
{Heap after GC invocations=32 (full 0):
 garbage-first heap   total 155648K, used 74908K [0x0000000080000000, 0x0000000100000000)
  region size 1024K, 1 young (1024K), 1 survivors (1024K)
 Metaspace       used 57600K, committed 58240K, reserved 1105920K
  class space    used 7710K, committed 8000K, reserved 1048576K
}
Event: 13.606 GC heap before
{Heap before GC invocations=32 (full 0):
 garbage-first heap   total 155648K, used 106652K [0x0000000080000000, 0x0000000100000000)
  region size 1024K, 32 young (32768K), 1 survivors (1024K)
 Metaspace       used 62728K, committed 63360K, reserved 1105920K
  class space    used 8312K, committed 8576K, reserved 1048576K
}
Event: 13.610 GC heap after
{Heap after GC invocations=33 (full 0):
 garbage-first heap   total 155648K, used 76048K [0x0000000080000000, 0x0000000100000000)
  region size 1024K, 2 young (2048K), 2 survivors (2048K)
 Metaspace       used 62728K, committed 63360K, reserved 1105920K
  class space    used 8312K, committed 8576K, reserved 1048576K
}
Event: 14.259 GC heap before
{Heap before GC invocations=34 (full 0):
 garbage-first heap   total 155648K, used 114960K [0x0000000080000000, 0x0000000100000000)
  region size 1024K, 36 young (36864K), 2 survivors (2048K)
 Metaspace       used 67672K, committed 68416K, reserved 1114112K
  class space    used 8974K, committed 9280K, reserved 1048576K
}
Event: 14.268 GC heap after
{Heap after GC invocations=35 (full 0):
 garbage-first heap   total 155648K, used 85015K [0x0000000080000000, 0x0000000100000000)
  region size 1024K, 5 young (5120K), 5 survivors (5120K)
 Metaspace       used 67672K, committed 68416K, reserved 1114112K
  class space    used 8974K, committed 9280K, reserved 1048576K
}
Event: 14.279 GC heap before
{Heap before GC invocations=35 (full 0):
 garbage-first heap   total 155648K, used 88087K [0x0000000080000000, 0x0000000100000000)
  region size 1024K, 7 young (7168K), 5 survivors (5120K)
 Metaspace       used 67677K, committed 68416K, reserved 1114112K
  class space    used 8974K, committed 9280K, reserved 1048576K
}
Event: 14.283 GC heap after
{Heap after GC invocations=36 (full 0):
 garbage-first heap   total 155648K, used 86583K [0x0000000080000000, 0x0000000100000000)
  region size 1024K, 1 young (1024K), 1 survivors (1024K)
 Metaspace       used 67677K, committed 68416K, reserved 1114112K
  class space    used 8974K, committed 9280K, reserved 1048576K
}
Event: 14.669 GC heap before
{Heap before GC invocations=36 (full 0):
 garbage-first heap   total 155648K, used 116279K [0x0000000080000000, 0x0000000100000000)
  region size 1024K, 30 young (30720K), 1 survivors (1024K)
 Metaspace       used 70237K, committed 70912K, reserved 1114112K
  class space    used 9311K, committed 9600K, reserved 1048576K
}
Event: 14.672 GC heap after
{Heap after GC invocations=37 (full 0):
 garbage-first heap   total 155648K, used 88626K [0x0000000080000000, 0x0000000100000000)
  region size 1024K, 3 young (3072K), 3 survivors (3072K)
 Metaspace       used 70237K, committed 70912K, reserved 1114112K
  class space    used 9311K, committed 9600K, reserved 1048576K
}
Event: 15.231 GC heap before
{Heap before GC invocations=37 (full 0):
 garbage-first heap   total 155648K, used 119346K [0x0000000080000000, 0x0000000100000000)
  region size 1024K, 33 young (33792K), 3 survivors (3072K)
 Metaspace       used 73614K, committed 74304K, reserved 1114112K
  class space    used 9769K, committed 10112K, reserved 1048576K
}
Event: 15.235 GC heap after
{Heap after GC invocations=38 (full 0):
 garbage-first heap   total 155648K, used 90105K [0x0000000080000000, 0x0000000100000000)
  region size 1024K, 4 young (4096K), 4 survivors (4096K)
 Metaspace       used 73614K, committed 74304K, reserved 1114112K
  class space    used 9769K, committed 10112K, reserved 1048576K
}
Event: 15.785 GC heap before
{Heap before GC invocations=38 (full 0):
 garbage-first heap   total 155648K, used 121849K [0x0000000080000000, 0x0000000100000000)
  region size 1024K, 35 young (35840K), 4 survivors (4096K)
 Metaspace       used 77587K, committed 78336K, reserved 1122304K
  class space    used 10285K, committed 10624K, reserved 1048576K
}
Event: 15.791 GC heap after
{Heap after GC invocations=39 (full 0):
 garbage-first heap   total 155648K, used 92591K [0x0000000080000000, 0x0000000100000000)
  region size 1024K, 5 young (5120K), 5 survivors (5120K)
 Metaspace       used 77587K, committed 78336K, reserved 1122304K
  class space    used 10285K, committed 10624K, reserved 1048576K
}
Event: 16.191 GC heap before
{Heap before GC invocations=39 (full 0):
 garbage-first heap   total 155648K, used 123311K [0x0000000080000000, 0x0000000100000000)
  region size 1024K, 35 young (35840K), 5 survivors (5120K)
 Metaspace       used 78936K, committed 79680K, reserved 1122304K
  class space    used 10455K, committed 10816K, reserved 1048576K
}
Event: 16.198 GC heap after
{Heap after GC invocations=40 (full 0):
 garbage-first heap   total 155648K, used 96298K [0x0000000080000000, 0x0000000100000000)
  region size 1024K, 5 young (5120K), 5 survivors (5120K)
 Metaspace       used 78936K, committed 79680K, reserved 1122304K
  class space    used 10455K, committed 10816K, reserved 1048576K
}
Event: 16.680 GC heap before
{Heap before GC invocations=40 (full 0):
 garbage-first heap   total 155648K, used 124970K [0x0000000080000000, 0x0000000100000000)
  region size 1024K, 33 young (33792K), 5 survivors (5120K)
 Metaspace       used 81852K, committed 82560K, reserved 1122304K
  class space    used 10849K, committed 11200K, reserved 1048576K
}

