# JRE version: OpenJDK Runtime Environment (17.0.6) (build 17.0.6+0-b2043.56-10027231)
# Java VM: OpenJDK 64-Bit Server VM (17.0.6+0-b2043.56-10027231, mixed mode, tiered, compressed oops, compressed class ptrs, g1 gc, windows-amd64)
GC Precious Log:
 CPUs: 8 total, 8 available
 Memory: 7502M
 Large Page Support: Disabled
 NUMA Support: Disabled
 Compressed Oops: Enabled (32-bit)
 Heap Region Size: 1M
 Heap Min Capacity: 8M
 Heap Initial Capacity: 118M
 Heap Max Capacity: 2G
 Pre-touch: Disabled
 Parallel Workers: 8
 Concurrent Workers: 2
 Concurrent Refinement Workers: 8
 Periodic GC: Disabled
Heap:
 garbage-first heap   total 363520K, used 283136K [0x0000000080000000, 0x0000000100000000)
  region size 1024K, 4 young (4096K), 4 survivors (4096K)
 Metaspace       used 142791K, committed 143744K, reserved 1179648K
  class space    used 18388K, committed 18816K, reserved 1048576K
GC Heap History (20 events):
Event: 43.510 GC heap after
{Heap after GC invocations=45 (full 0):
 garbage-first heap   total 267264K, used 137894K [0x0000000080000000, 0x0000000100000000)
  region size 1024K, 4 young (4096K), 4 survivors (4096K)
 Metaspace       used 123685K, committed 124608K, reserved 1163264K
  class space    used 16149K, committed 16576K, reserved 1048576K
}
Event: 44.438 GC heap before
{Heap before GC invocations=45 (full 0):
 garbage-first heap   total 267264K, used 213670K [0x0000000080000000, 0x0000000100000000)
  region size 1024K, 79 young (80896K), 4 survivors (4096K)
 Metaspace       used 124254K, committed 125248K, reserved 1163264K
  class space    used 16173K, committed 16640K, reserved 1048576K
}
Event: 44.450 GC heap after
{Heap after GC invocations=46 (full 0):
 garbage-first heap   total 267264K, used 146512K [0x0000000080000000, 0x0000000100000000)
  region size 1024K, 10 young (10240K), 10 survivors (10240K)
 Metaspace       used 124254K, committed 125248K, reserved 1163264K
  class space    used 16173K, committed 16640K, reserved 1048576K
}
Event: 46.081 GC heap before
{Heap before GC invocations=46 (full 0):
 garbage-first heap   total 267264K, used 220240K [0x0000000080000000, 0x0000000100000000)
  region size 1024K, 77 young (78848K), 10 survivors (10240K)
 Metaspace       used 124601K, committed 125504K, reserved 1163264K
  class space    used 16193K, committed 16640K, reserved 1048576K
}
Event: 46.091 GC heap after
{Heap after GC invocations=47 (full 0):
 garbage-first heap   total 267264K, used 151574K [0x0000000080000000, 0x0000000100000000)
  region size 1024K, 5 young (5120K), 5 survivors (5120K)
 Metaspace       used 124601K, committed 125504K, reserved 1163264K
  class space    used 16193K, committed 16640K, reserved 1048576K
}
Event: 46.944 GC heap before
{Heap before GC invocations=47 (full 0):
 garbage-first heap   total 267264K, used 220182K [0x0000000080000000, 0x0000000100000000)
  region size 1024K, 69 young (70656K), 5 survivors (5120K)
 Metaspace       used 128468K, committed 129408K, reserved 1163264K
  class space    used 16506K, committed 17024K, reserved 1048576K
}
Event: 46.954 GC heap after
{Heap after GC invocations=48 (full 0):
 garbage-first heap   total 267264K, used 167904K [0x0000000080000000, 0x0000000100000000)
  region size 1024K, 9 young (9216K), 9 survivors (9216K)
 Metaspace       used 128468K, committed 129408K, reserved 1163264K
  class space    used 16506K, committed 17024K, reserved 1048576K
}
Event: 47.876 GC heap before
{Heap before GC invocations=49 (full 0):
 garbage-first heap   total 291840K, used 220128K [0x0000000080000000, 0x0000000100000000)
  region size 1024K, 58 young (59392K), 9 survivors (9216K)
 Metaspace       used 136950K, committed 137920K, reserved 1171456K
  class space    used 17602K, committed 18048K, reserved 1048576K
}
Event: 47.885 GC heap after
{Heap after GC invocations=50 (full 0):
 garbage-first heap   total 291840K, used 175868K [0x0000000080000000, 0x0000000100000000)
  region size 1024K, 5 young (5120K), 5 survivors (5120K)
 Metaspace       used 136950K, committed 137920K, reserved 1171456K
  class space    used 17602K, committed 18048K, reserved 1048576K
}
Event: 47.954 GC heap before
{Heap before GC invocations=50 (full 0):
 garbage-first heap   total 291840K, used 185084K [0x0000000080000000, 0x0000000100000000)
  region size 1024K, 14 young (14336K), 5 survivors (5120K)
 Metaspace       used 137312K, committed 138304K, reserved 1171456K
  class space    used 17639K, committed 18112K, reserved 1048576K
}
Event: 47.966 GC heap after
{Heap after GC invocations=51 (full 0):
 garbage-first heap   total 291840K, used 163705K [0x0000000080000000, 0x0000000100000000)
  region size 1024K, 1 young (1024K), 1 survivors (1024K)
 Metaspace       used 137312K, committed 138304K, reserved 1171456K
  class space    used 17639K, committed 18112K, reserved 1048576K
}
Event: 48.487 GC heap before
{Heap before GC invocations=51 (full 0):
 garbage-first heap   total 291840K, used 232313K [0x0000000080000000, 0x0000000100000000)
  region size 1024K, 68 young (69632K), 1 survivors (1024K)
 Metaspace       used 140117K, committed 141056K, reserved 1171456K
  class space    used 18007K, committed 18432K, reserved 1048576K
}
Event: 48.511 GC heap after
{Heap after GC invocations=52 (full 0):
 garbage-first heap   total 291840K, used 215292K [0x0000000080000000, 0x0000000100000000)
  region size 1024K, 9 young (9216K), 9 survivors (9216K)
 Metaspace       used 140117K, committed 141056K, reserved 1171456K
  class space    used 18007K, committed 18432K, reserved 1048576K
}
Event: 48.980 GC heap before
{Heap before GC invocations=53 (full 0):
 garbage-first heap   total 363520K, used 231676K [0x0000000080000000, 0x0000000100000000)
  region size 1024K, 27 young (27648K), 9 survivors (9216K)
 Metaspace       used 142596K, committed 143488K, reserved 1179648K
  class space    used 18388K, committed 18816K, reserved 1048576K
}
Event: 48.990 GC heap after
{Heap after GC invocations=54 (full 0):
 garbage-first heap   total 363520K, used 216637K [0x0000000080000000, 0x0000000100000000)
  region size 1024K, 2 young (2048K), 2 survivors (2048K)
 Metaspace       used 142596K, committed 143488K, reserved 1179648K
  class space    used 18388K, committed 18816K, reserved 1048576K
}
Event: 49.084 GC heap before
{Heap before GC invocations=54 (full 0):
 garbage-first heap   total 363520K, used 231997K [0x0000000080000000, 0x0000000100000000)
  region size 1024K, 17 young (17408K), 2 survivors (2048K)
 Metaspace       used 142694K, committed 143680K, reserved 1179648K
  class space    used 18388K, committed 18816K, reserved 1048576K
}
Event: 49.095 GC heap after
{Heap after GC invocations=55 (full 0):
 garbage-first heap   total 363520K, used 220932K [0x0000000080000000, 0x0000000100000000)
  region size 1024K, 3 young (3072K), 3 survivors (3072K)
 Metaspace       used 142694K, committed 143680K, reserved 1179648K
  class space    used 18388K, committed 18816K, reserved 1048576K
}
Event: 49.292 GC heap before
{Heap before GC invocations=55 (full 0):
 garbage-first heap   total 363520K, used 273156K [0x0000000080000000, 0x0000000100000000)
  region size 1024K, 54 young (55296K), 3 survivors (3072K)
 Metaspace       used 142701K, committed 143680K, reserved 1179648K
  class space    used 18388K, committed 18816K, reserved 1048576K
}
Event: 49.319 GC heap after
{Heap after GC invocations=56 (full 0):
 garbage-first heap   total 363520K, used 267264K [0x0000000080000000, 0x0000000100000000)
  region size 1024K, 7 young (7168K), 7 survivors (7168K)
 Metaspace       used 142701K, committed 143680K, reserved 1179648K
  class space    used 18388K, committed 18816K, reserved 1048576K
}
Event: 49.413 GC heap before
{Heap before GC invocations=56 (full 0):
 garbage-first heap   total 363520K, used 290816K [0x0000000080000000, 0x0000000100000000)
  region size 1024K, 30 young (30720K), 7 survivors (7168K)
 Metaspace       used 142791K, committed 143744K, reserved 1179648K
  class space    used 18388K, committed 18816K, reserved 1048576K
}

