# JRE version: OpenJDK Runtime Environment (17.0.6) (build 17.0.6+0-b2043.56-10027231)
# Java VM: OpenJDK 64-Bit Server VM (17.0.6+0-b2043.56-10027231, mixed mode, tiered, compressed oops, compressed class ptrs, g1 gc, windows-amd64)
GC Precious Log:
 CPUs: 8 total, 8 available
 Memory: 7502M
 Large Page Support: Disabled
 NUMA Support: Disabled
 Compressed Oops: Enabled (32-bit)
 Heap Region Size: 1M
 Heap Min Capacity: 8M
 Heap Initial Capacity: 118M
 Heap Max Capacity: 2G
 Pre-touch: Disabled
 Parallel Workers: 8
 Concurrent Workers: 2
 Concurrent Refinement Workers: 8
 Periodic GC: Disabled
Heap:
 garbage-first heap   total 372736K, used 254976K [0x0000000080000000, 0x0000000100000000)
  region size 1024K, 8 young (8192K), 8 survivors (8192K)
 Metaspace       used 135692K, committed 136576K, reserved 1171456K
  class space    used 17842K, committed 18240K, reserved 1048576K
GC Heap History (20 events):
Event: 32.511 GC heap after
{Heap after GC invocations=48 (full 0):
 garbage-first heap   total 365568K, used 142916K [0x0000000080000000, 0x0000000100000000)
  region size 1024K, 2 young (2048K), 2 survivors (2048K)
 Metaspace       used 112791K, committed 113600K, reserved 1146880K
  class space    used 14971K, committed 15360K, reserved 1048576K
}
Event: 35.501 GC heap before
{Heap before GC invocations=48 (full 0):
 garbage-first heap   total 365568K, used 290372K [0x0000000080000000, 0x0000000100000000)
  region size 1024K, 122 young (124928K), 2 survivors (2048K)
 Metaspace       used 119099K, committed 119936K, reserved 1155072K
  class space    used 15631K, committed 16064K, reserved 1048576K
}
Event: 35.518 GC heap after
{Heap after GC invocations=49 (full 0):
 garbage-first heap   total 365568K, used 156122K [0x0000000080000000, 0x0000000100000000)
  region size 1024K, 15 young (15360K), 15 survivors (15360K)
 Metaspace       used 119099K, committed 119936K, reserved 1155072K
  class space    used 15631K, committed 16064K, reserved 1048576K
}
Event: 36.001 GC heap before
{Heap before GC invocations=49 (full 0):
 garbage-first heap   total 365568K, used 217562K [0x0000000080000000, 0x0000000100000000)
  region size 1024K, 76 young (77824K), 15 survivors (15360K)
 Metaspace       used 119850K, committed 120640K, reserved 1155072K
  class space    used 15674K, committed 16064K, reserved 1048576K
}
Event: 36.017 GC heap after
{Heap after GC invocations=50 (full 0):
 garbage-first heap   total 365568K, used 156937K [0x0000000080000000, 0x0000000100000000)
  region size 1024K, 4 young (4096K), 4 survivors (4096K)
 Metaspace       used 119850K, committed 120640K, reserved 1155072K
  class space    used 15674K, committed 16064K, reserved 1048576K
}
Event: 37.510 GC heap before
{Heap before GC invocations=51 (full 0):
 garbage-first heap   total 365568K, used 290057K [0x0000000080000000, 0x0000000100000000)
  region size 1024K, 128 young (131072K), 4 survivors (4096K)
 Metaspace       used 122740K, committed 123520K, reserved 1163264K
  class space    used 15932K, committed 16320K, reserved 1048576K
}
Event: 37.522 GC heap after
{Heap after GC invocations=52 (full 0):
 garbage-first heap   total 365568K, used 163317K [0x0000000080000000, 0x0000000100000000)
  region size 1024K, 11 young (11264K), 11 survivors (11264K)
 Metaspace       used 122740K, committed 123520K, reserved 1163264K
  class space    used 15932K, committed 16320K, reserved 1048576K
}
Event: 37.601 GC heap before
{Heap before GC invocations=52 (full 0):
 garbage-first heap   total 365568K, used 169461K [0x0000000080000000, 0x0000000100000000)
  region size 1024K, 17 young (17408K), 11 survivors (11264K)
 Metaspace       used 122773K, committed 123584K, reserved 1163264K
  class space    used 15932K, committed 16320K, reserved 1048576K
}
Event: 37.614 GC heap after
{Heap after GC invocations=53 (full 0):
 garbage-first heap   total 365568K, used 162080K [0x0000000080000000, 0x0000000100000000)
  region size 1024K, 3 young (3072K), 3 survivors (3072K)
 Metaspace       used 122773K, committed 123584K, reserved 1163264K
  class space    used 15932K, committed 16320K, reserved 1048576K
}
Event: 39.713 GC heap before
{Heap before GC invocations=53 (full 0):
 garbage-first heap   total 365568K, used 288032K [0x0000000080000000, 0x0000000100000000)
  region size 1024K, 127 young (130048K), 3 survivors (3072K)
 Metaspace       used 125683K, committed 126528K, reserved 1163264K
  class space    used 16275K, committed 16704K, reserved 1048576K
}
Event: 39.726 GC heap after
{Heap after GC invocations=54 (full 0):
 garbage-first heap   total 365568K, used 170636K [0x0000000080000000, 0x0000000100000000)
  region size 1024K, 11 young (11264K), 11 survivors (11264K)
 Metaspace       used 125683K, committed 126528K, reserved 1163264K
  class space    used 16275K, committed 16704K, reserved 1048576K
}
Event: 40.221 GC heap before
{Heap before GC invocations=54 (full 0):
 garbage-first heap   total 365568K, used 217740K [0x0000000080000000, 0x0000000100000000)
  region size 1024K, 59 young (60416K), 11 survivors (11264K)
 Metaspace       used 126140K, committed 126976K, reserved 1163264K
  class space    used 16334K, committed 16768K, reserved 1048576K
}
Event: 40.232 GC heap after
{Heap after GC invocations=55 (full 0):
 garbage-first heap   total 365568K, used 174963K [0x0000000080000000, 0x0000000100000000)
  region size 1024K, 6 young (6144K), 6 survivors (6144K)
 Metaspace       used 126140K, committed 126976K, reserved 1163264K
  class space    used 16334K, committed 16768K, reserved 1048576K
}
Event: 41.569 GC heap before
{Heap before GC invocations=56 (full 0):
 garbage-first heap   total 365568K, used 316275K [0x0000000080000000, 0x0000000100000000)
  region size 1024K, 121 young (123904K), 6 survivors (6144K)
 Metaspace       used 130113K, committed 130944K, reserved 1163264K
  class space    used 16889K, committed 17280K, reserved 1048576K
}
Event: 41.598 GC heap after
{Heap after GC invocations=57 (full 0):
 garbage-first heap   total 365568K, used 212619K [0x0000000080000000, 0x0000000100000000)
  region size 1024K, 16 young (16384K), 16 survivors (16384K)
 Metaspace       used 130113K, committed 130944K, reserved 1163264K
  class space    used 16889K, committed 17280K, reserved 1048576K
}
Event: 41.609 GC heap before
{Heap before GC invocations=57 (full 0):
 garbage-first heap   total 365568K, used 213643K [0x0000000080000000, 0x0000000100000000)
  region size 1024K, 17 young (17408K), 16 survivors (16384K)
 Metaspace       used 130113K, committed 130944K, reserved 1163264K
  class space    used 16889K, committed 17280K, reserved 1048576K
}
Event: 41.634 GC heap after
{Heap after GC invocations=58 (full 0):
 garbage-first heap   total 365568K, used 196057K [0x0000000080000000, 0x0000000100000000)
  region size 1024K, 2 young (2048K), 2 survivors (2048K)
 Metaspace       used 130113K, committed 130944K, reserved 1163264K
  class space    used 16889K, committed 17280K, reserved 1048576K
}
Event: 42.342 GC heap before
{Heap before GC invocations=58 (full 0):
 garbage-first heap   total 365568K, used 284121K [0x0000000080000000, 0x0000000100000000)
  region size 1024K, 89 young (91136K), 2 survivors (2048K)
 Metaspace       used 132879K, committed 133760K, reserved 1171456K
  class space    used 17443K, committed 17856K, reserved 1048576K
}
Event: 42.387 GC heap after
{Heap after GC invocations=59 (full 0):
 garbage-first heap   total 365568K, used 235520K [0x0000000080000000, 0x0000000100000000)
  region size 1024K, 12 young (12288K), 12 survivors (12288K)
 Metaspace       used 132879K, committed 133760K, reserved 1171456K
  class space    used 17443K, committed 17856K, reserved 1048576K
}
Event: 43.046 GC heap before
{Heap before GC invocations=59 (full 0):
 garbage-first heap   total 365568K, used 284672K [0x0000000080000000, 0x0000000100000000)
  region size 1024K, 61 young (62464K), 12 survivors (12288K)
 Metaspace       used 135692K, committed 136576K, reserved 1171456K
  class space    used 17842K, committed 18240K, reserved 1048576K
}

