# JRE version: OpenJDK Runtime Environment (17.0.6) (build 17.0.6+0-b2043.56-10027231)
# Java VM: OpenJDK 64-Bit Server VM (17.0.6+0-b2043.56-10027231, mixed mode, tiered, compressed oops, compressed class ptrs, g1 gc, windows-amd64)
GC Precious Log:
 CPUs: 8 total, 8 available
 Memory: 7502M
 Large Page Support: Disabled
 NUMA Support: Disabled
 Compressed Oops: Enabled (32-bit)
 Heap Region Size: 1M
 Heap Min Capacity: 8M
 Heap Initial Capacity: 118M
 Heap Max Capacity: 2G
 Pre-touch: Disabled
 Parallel Workers: 8
 Concurrent Workers: 2
 Concurrent Refinement Workers: 8
 Periodic GC: Disabled
Heap:
 garbage-first heap   total 414720K, used 292951K [0x0000000080000000, 0x0000000100000000)
  region size 1024K, 14 young (14336K), 4 survivors (4096K)
 Metaspace       used 170795K, committed 171840K, reserved 1204224K
  class space    used 22387K, committed 22912K, reserved 1048576K
GC Heap History (20 events):
Event: 178.476 GC heap before
{Heap before GC invocations=56 (full 0):
 garbage-first heap   total 309248K, used 264777K [0x0000000080000000, 0x0000000100000000)
  region size 1024K, 42 young (43008K), 3 survivors (3072K)
 Metaspace       used 126243K, committed 127296K, reserved 1163264K
  class space    used 16562K, committed 17088K, reserved 1048576K
}
Event: 178.485 GC heap after
{Heap after GC invocations=57 (full 0):
 garbage-first heap   total 309248K, used 227287K [0x0000000080000000, 0x0000000100000000)
  region size 1024K, 6 young (6144K), 6 survivors (6144K)
 Metaspace       used 126243K, committed 127296K, reserved 1163264K
  class space    used 16562K, committed 17088K, reserved 1048576K
}
Event: 178.587 GC heap before
{Heap before GC invocations=57 (full 0):
 garbage-first heap   total 309248K, used 230359K [0x0000000080000000, 0x0000000100000000)
  region size 1024K, 10 young (10240K), 6 survivors (6144K)
 Metaspace       used 126782K, committed 127808K, reserved 1163264K
  class space    used 16637K, committed 17152K, reserved 1048576K
}
Event: 178.594 GC heap after
{Heap after GC invocations=58 (full 0):
 garbage-first heap   total 309248K, used 227682K [0x0000000080000000, 0x0000000100000000)
  region size 1024K, 4 young (4096K), 4 survivors (4096K)
 Metaspace       used 126782K, committed 127808K, reserved 1163264K
  class space    used 16637K, committed 17152K, reserved 1048576K
}
Event: 179.693 GC heap before
{Heap before GC invocations=59 (full 0):
 garbage-first heap   total 393216K, used 265570K [0x0000000080000000, 0x0000000100000000)
  region size 1024K, 35 young (35840K), 4 survivors (4096K)
 Metaspace       used 133114K, committed 134208K, reserved 1171456K
  class space    used 17885K, committed 18432K, reserved 1048576K
}
Event: 179.698 GC heap after
{Heap after GC invocations=60 (full 0):
 garbage-first heap   total 393216K, used 236161K [0x0000000080000000, 0x0000000100000000)
  region size 1024K, 3 young (3072K), 3 survivors (3072K)
 Metaspace       used 133114K, committed 134208K, reserved 1171456K
  class space    used 17885K, committed 18432K, reserved 1048576K
}
Event: 180.091 GC heap before
{Heap before GC invocations=60 (full 0):
 garbage-first heap   total 393216K, used 252545K [0x0000000080000000, 0x0000000100000000)
  region size 1024K, 19 young (19456K), 3 survivors (3072K)
 Metaspace       used 135659K, committed 136768K, reserved 1171456K
  class space    used 18172K, committed 18752K, reserved 1048576K
}
Event: 180.104 GC heap after
{Heap after GC invocations=61 (full 0):
 garbage-first heap   total 393216K, used 233448K [0x0000000080000000, 0x0000000100000000)
  region size 1024K, 2 young (2048K), 2 survivors (2048K)
 Metaspace       used 135659K, committed 136768K, reserved 1171456K
  class space    used 18172K, committed 18752K, reserved 1048576K
}
Event: 182.209 GC heap before
{Heap before GC invocations=61 (full 0):
 garbage-first heap   total 393216K, used 331752K [0x0000000080000000, 0x0000000100000000)
  region size 1024K, 93 young (95232K), 2 survivors (2048K)
 Metaspace       used 143267K, committed 144384K, reserved 1179648K
  class space    used 19189K, committed 19712K, reserved 1048576K
}
Event: 182.220 GC heap after
{Heap after GC invocations=62 (full 0):
 garbage-first heap   total 393216K, used 242416K [0x0000000080000000, 0x0000000100000000)
  region size 1024K, 11 young (11264K), 11 survivors (11264K)
 Metaspace       used 143267K, committed 144384K, reserved 1179648K
  class space    used 19189K, committed 19712K, reserved 1048576K
}
Event: 184.190 GC heap before
{Heap before GC invocations=63 (full 0):
 garbage-first heap   total 414720K, used 335600K [0x0000000080000000, 0x0000000100000000)
  region size 1024K, 92 young (94208K), 11 survivors (11264K)
 Metaspace       used 151164K, committed 152320K, reserved 1187840K
  class space    used 20186K, committed 20736K, reserved 1048576K
}
Event: 184.229 GC heap after
{Heap after GC invocations=64 (full 0):
 garbage-first heap   total 414720K, used 258022K [0x0000000080000000, 0x0000000100000000)
  region size 1024K, 12 young (12288K), 12 survivors (12288K)
 Metaspace       used 151164K, committed 152320K, reserved 1187840K
  class space    used 20186K, committed 20736K, reserved 1048576K
}
Event: 184.297 GC heap before
{Heap before GC invocations=64 (full 0):
 garbage-first heap   total 414720K, used 266214K [0x0000000080000000, 0x0000000100000000)
  region size 1024K, 20 young (20480K), 12 survivors (12288K)
 Metaspace       used 151202K, committed 152320K, reserved 1187840K
  class space    used 20186K, committed 20736K, reserved 1048576K
}
Event: 184.320 GC heap after
{Heap after GC invocations=65 (full 0):
 garbage-first heap   total 414720K, used 248755K [0x0000000080000000, 0x0000000100000000)
  region size 1024K, 3 young (3072K), 3 survivors (3072K)
 Metaspace       used 151202K, committed 152320K, reserved 1187840K
  class space    used 20186K, committed 20736K, reserved 1048576K
}
Event: 185.883 GC heap before
{Heap before GC invocations=65 (full 0):
 garbage-first heap   total 414720K, used 346035K [0x0000000080000000, 0x0000000100000000)
  region size 1024K, 93 young (95232K), 3 survivors (3072K)
 Metaspace       used 155753K, committed 156928K, reserved 1187840K
  class space    used 20696K, committed 21248K, reserved 1048576K
}
Event: 185.907 GC heap after
{Heap after GC invocations=66 (full 0):
 garbage-first heap   total 414720K, used 273003K [0x0000000080000000, 0x0000000100000000)
  region size 1024K, 12 young (12288K), 12 survivors (12288K)
 Metaspace       used 155753K, committed 156928K, reserved 1187840K
  class space    used 20696K, committed 21248K, reserved 1048576K
}
Event: 187.719 GC heap before
{Heap before GC invocations=66 (full 0):
 garbage-first heap   total 414720K, used 343659K [0x0000000080000000, 0x0000000100000000)
  region size 1024K, 81 young (82944K), 12 survivors (12288K)
 Metaspace       used 164673K, committed 165760K, reserved 1196032K
  class space    used 21613K, committed 22144K, reserved 1048576K
}
Event: 187.738 GC heap after
{Heap after GC invocations=67 (full 0):
 garbage-first heap   total 414720K, used 279644K [0x0000000080000000, 0x0000000100000000)
  region size 1024K, 6 young (6144K), 6 survivors (6144K)
 Metaspace       used 164673K, committed 165760K, reserved 1196032K
  class space    used 21613K, committed 22144K, reserved 1048576K
}
Event: 188.958 GC heap before
{Heap before GC invocations=67 (full 0):
 garbage-first heap   total 414720K, used 348252K [0x0000000080000000, 0x0000000100000000)
  region size 1024K, 72 young (73728K), 6 survivors (6144K)
 Metaspace       used 170367K, committed 171456K, reserved 1204224K
  class space    used 22333K, committed 22848K, reserved 1048576K
}
Event: 188.967 GC heap after
{Heap after GC invocations=68 (full 0):
 garbage-first heap   total 414720K, used 283735K [0x0000000080000000, 0x0000000100000000)
  region size 1024K, 4 young (4096K), 4 survivors (4096K)
 Metaspace       used 170367K, committed 171456K, reserved 1204224K
  class space    used 22333K, committed 22848K, reserved 1048576K
}

