# JRE version: OpenJDK Runtime Environment (17.0.6) (build 17.0.6+0-b2043.56-10027231)
# Java VM: OpenJDK 64-Bit Server VM (17.0.6+0-b2043.56-10027231, mixed mode, tiered, compressed oops, compressed class ptrs, g1 gc, windows-amd64)
GC Precious Log:
 CPUs: 8 total, 8 available
 Memory: 7502M
 Large Page Support: Disabled
 NUMA Support: Disabled
 Compressed Oops: Enabled (32-bit)
 Heap Region Size: 1M
 Heap Min Capacity: 8M
 Heap Initial Capacity: 118M
 Heap Max Capacity: 2G
 Pre-touch: Disabled
 Parallel Workers: 8
 Concurrent Workers: 2
 Concurrent Refinement Workers: 8
 Periodic GC: Disabled
Heap:
 garbage-first heap   total 342016K, used 307637K [0x0000000080000000, 0x0000000100000000)
  region size 1024K, 2 young (2048K), 2 survivors (2048K)
 Metaspace       used 134442K, committed 135296K, reserved 1171456K
  class space    used 17675K, committed 18112K, reserved 1048576K
GC Heap History (20 events):
Event: 23.417 GC heap after
{Heap after GC invocations=29 (full 0):
 garbage-first heap   total 162816K, used 95875K [0x0000000080000000, 0x0000000100000000)
  region size 1024K, 1 young (1024K), 1 survivors (1024K)
 Metaspace       used 98378K, committed 99072K, reserved 1138688K
  class space    used 13309K, committed 13632K, reserved 1048576K
}
Event: 24.203 GC heap before
{Heap before GC invocations=29 (full 0):
 garbage-first heap   total 162816K, used 130691K [0x0000000080000000, 0x0000000100000000)
  region size 1024K, 36 young (36864K), 1 survivors (1024K)
 Metaspace       used 100403K, committed 101120K, reserved 1138688K
  class space    used 13667K, committed 14016K, reserved 1048576K
}
Event: 24.212 GC heap after
{Heap after GC invocations=30 (full 0):
 garbage-first heap   total 325632K, used 99611K [0x0000000080000000, 0x0000000100000000)
  region size 1024K, 5 young (5120K), 5 survivors (5120K)
 Metaspace       used 100403K, committed 101120K, reserved 1138688K
  class space    used 13667K, committed 14016K, reserved 1048576K
}
Event: 26.005 GC heap before
{Heap before GC invocations=30 (full 0):
 garbage-first heap   total 325632K, used 253211K [0x0000000080000000, 0x0000000100000000)
  region size 1024K, 156 young (159744K), 5 survivors (5120K)
 Metaspace       used 101386K, committed 102080K, reserved 1138688K
  class space    used 13722K, committed 14080K, reserved 1048576K
}
Event: 26.026 GC heap after
{Heap after GC invocations=31 (full 0):
 garbage-first heap   total 325632K, used 110886K [0x0000000080000000, 0x0000000100000000)
  region size 1024K, 16 young (16384K), 16 survivors (16384K)
 Metaspace       used 101386K, committed 102080K, reserved 1138688K
  class space    used 13722K, committed 14080K, reserved 1048576K
}
Event: 28.610 GC heap before
{Heap before GC invocations=31 (full 0):
 garbage-first heap   total 325632K, used 251174K [0x0000000080000000, 0x0000000100000000)
  region size 1024K, 154 young (157696K), 16 survivors (16384K)
 Metaspace       used 106007K, committed 106816K, reserved 1146880K
  class space    used 14342K, committed 14720K, reserved 1048576K
}
Event: 28.639 GC heap after
{Heap after GC invocations=32 (full 0):
 garbage-first heap   total 325632K, used 120652K [0x0000000080000000, 0x0000000100000000)
  region size 1024K, 13 young (13312K), 13 survivors (13312K)
 Metaspace       used 106007K, committed 106816K, reserved 1146880K
  class space    used 14342K, committed 14720K, reserved 1048576K
}
Event: 34.527 GC heap before
{Heap before GC invocations=32 (full 0):
 garbage-first heap   total 325632K, used 261964K [0x0000000080000000, 0x0000000100000000)
  region size 1024K, 145 young (148480K), 13 survivors (13312K)
 Metaspace       used 115274K, committed 116096K, reserved 1155072K
  class space    used 15383K, committed 15808K, reserved 1048576K
}
Event: 34.543 GC heap after
{Heap after GC invocations=33 (full 0):
 garbage-first heap   total 325632K, used 129563K [0x0000000080000000, 0x0000000100000000)
  region size 1024K, 12 young (12288K), 12 survivors (12288K)
 Metaspace       used 115274K, committed 116096K, reserved 1155072K
  class space    used 15383K, committed 15808K, reserved 1048576K
}
Event: 39.319 GC heap before
{Heap before GC invocations=33 (full 0):
 garbage-first heap   total 325632K, used 264731K [0x0000000080000000, 0x0000000100000000)
  region size 1024K, 137 young (140288K), 12 survivors (12288K)
 Metaspace       used 131120K, committed 131968K, reserved 1163264K
  class space    used 17245K, committed 17664K, reserved 1048576K
}
Event: 39.349 GC heap after
{Heap after GC invocations=34 (full 0):
 garbage-first heap   total 325632K, used 158387K [0x0000000080000000, 0x0000000100000000)
  region size 1024K, 18 young (18432K), 18 survivors (18432K)
 Metaspace       used 131120K, committed 131968K, reserved 1163264K
  class space    used 17245K, committed 17664K, reserved 1048576K
}
Event: 40.937 GC heap before
{Heap before GC invocations=34 (full 0):
 garbage-first heap   total 325632K, used 257715K [0x0000000080000000, 0x0000000100000000)
  region size 1024K, 115 young (117760K), 18 survivors (18432K)
 Metaspace       used 134348K, committed 135232K, reserved 1171456K
  class space    used 17675K, committed 18112K, reserved 1048576K
}
Event: 40.991 GC heap after
{Heap after GC invocations=35 (full 0):
 garbage-first heap   total 342016K, used 223538K [0x0000000080000000, 0x0000000100000000)
  region size 1024K, 15 young (15360K), 15 survivors (15360K)
 Metaspace       used 134348K, committed 135232K, reserved 1171456K
  class space    used 17675K, committed 18112K, reserved 1048576K
}
Event: 41.346 GC heap before
{Heap before GC invocations=35 (full 0):
 garbage-first heap   total 342016K, used 270642K [0x0000000080000000, 0x0000000100000000)
  region size 1024K, 61 young (62464K), 15 survivors (15360K)
 Metaspace       used 134439K, committed 135296K, reserved 1171456K
  class space    used 17675K, committed 18112K, reserved 1048576K
}
Event: 41.380 GC heap after
{Heap after GC invocations=36 (full 0):
 garbage-first heap   total 342016K, used 257024K [0x0000000080000000, 0x0000000100000000)
  region size 1024K, 8 young (8192K), 8 survivors (8192K)
 Metaspace       used 134439K, committed 135296K, reserved 1171456K
  class space    used 17675K, committed 18112K, reserved 1048576K
}
Event: 41.519 GC heap before
{Heap before GC invocations=36 (full 0):
 garbage-first heap   total 342016K, used 276480K [0x0000000080000000, 0x0000000100000000)
  region size 1024K, 27 young (27648K), 8 survivors (8192K)
 Metaspace       used 134442K, committed 135296K, reserved 1171456K
  class space    used 17675K, committed 18112K, reserved 1048576K
}
Event: 41.546 GC heap after
{Heap after GC invocations=37 (full 0):
 garbage-first heap   total 342016K, used 278528K [0x0000000080000000, 0x0000000100000000)
  region size 1024K, 4 young (4096K), 4 survivors (4096K)
 Metaspace       used 134442K, committed 135296K, reserved 1171456K
  class space    used 17675K, committed 18112K, reserved 1048576K
}
Event: 41.596 GC heap before
{Heap before GC invocations=37 (full 0):
 garbage-first heap   total 342016K, used 290816K [0x0000000080000000, 0x0000000100000000)
  region size 1024K, 16 young (16384K), 4 survivors (4096K)
 Metaspace       used 134442K, committed 135296K, reserved 1171456K
  class space    used 17675K, committed 18112K, reserved 1048576K
}
Event: 41.610 GC heap after
{Heap after GC invocations=38 (full 0):
 garbage-first heap   total 342016K, used 291840K [0x0000000080000000, 0x0000000100000000)
  region size 1024K, 2 young (2048K), 2 survivors (2048K)
 Metaspace       used 134442K, committed 135296K, reserved 1171456K
  class space    used 17675K, committed 18112K, reserved 1048576K
}
Event: 41.652 GC heap before
{Heap before GC invocations=38 (full 0):
 garbage-first heap   total 342016K, used 306176K [0x0000000080000000, 0x0000000100000000)
  region size 1024K, 16 young (16384K), 2 survivors (2048K)
 Metaspace       used 134442K, committed 135296K, reserved 1171456K
  class space    used 17675K, committed 18112K, reserved 1048576K
}

