# JRE version: OpenJDK Runtime Environment (17.0.6) (build 17.0.6+0-b2043.56-10027231)
# Java VM: OpenJDK 64-Bit Server VM (17.0.6+0-b2043.56-10027231, mixed mode, tiered, compressed oops, compressed class ptrs, g1 gc, windows-amd64)
GC Precious Log:
 CPUs: 8 total, 8 available
 Memory: 7502M
 Large Page Support: Disabled
 NUMA Support: Disabled
 Compressed Oops: Enabled (32-bit)
 Heap Region Size: 1M
 Heap Min Capacity: 8M
 Heap Initial Capacity: 118M
 Heap Max Capacity: 2G
 Pre-touch: Disabled
 Parallel Workers: 8
 Concurrent Workers: 2
 Concurrent Refinement Workers: 8
 Periodic GC: Disabled
Heap:
 garbage-first heap   total 120832K, used 70905K [0x0000000080000000, 0x0000000100000000)
  region size 1024K, 2 young (2048K), 2 survivors (2048K)
 Metaspace       used 72611K, committed 73216K, reserved 1114112K
  class space    used 9574K, committed 9856K, reserved 1048576K
GC Heap History (20 events):
Event: 16.432 GC heap after
{Heap after GC invocations=18 (full 0):
 garbage-first heap   total 68608K, used 40344K [0x0000000080000000, 0x0000000100000000)
  region size 1024K, 2 young (2048K), 2 survivors (2048K)
 Metaspace       used 59895K, committed 60352K, reserved 1105920K
  class space    used 7959K, committed 8192K, reserved 1048576K
}
Event: 16.849 GC heap before
{Heap before GC invocations=18 (full 0):
 garbage-first heap   total 68608K, used 53656K [0x0000000080000000, 0x0000000100000000)
  region size 1024K, 16 young (16384K), 2 survivors (2048K)
 Metaspace       used 60259K, committed 60736K, reserved 1105920K
  class space    used 8000K, committed 8256K, reserved 1048576K
}
Event: 16.853 GC heap after
{Heap after GC invocations=19 (full 0):
 garbage-first heap   total 68608K, used 42739K [0x0000000080000000, 0x0000000100000000)
  region size 1024K, 2 young (2048K), 2 survivors (2048K)
 Metaspace       used 60259K, committed 60736K, reserved 1105920K
  class space    used 8000K, committed 8256K, reserved 1048576K
}
Event: 17.287 GC heap before
{Heap before GC invocations=20 (full 0):
 garbage-first heap   total 76800K, used 64243K [0x0000000080000000, 0x0000000100000000)
  region size 1024K, 14 young (14336K), 2 survivors (2048K)
 Metaspace       used 60622K, committed 61184K, reserved 1105920K
  class space    used 8049K, committed 8320K, reserved 1048576K
}
Event: 17.292 GC heap after
{Heap after GC invocations=21 (full 0):
 garbage-first heap   total 76800K, used 58693K [0x0000000080000000, 0x0000000100000000)
  region size 1024K, 2 young (2048K), 2 survivors (2048K)
 Metaspace       used 60622K, committed 61184K, reserved 1105920K
  class space    used 8049K, committed 8320K, reserved 1048576K
}
Event: 17.323 GC heap before
{Heap before GC invocations=21 (full 0):
 garbage-first heap   total 76800K, used 59717K [0x0000000080000000, 0x0000000100000000)
  region size 1024K, 3 young (3072K), 2 survivors (2048K)
 Metaspace       used 60792K, committed 61312K, reserved 1105920K
  class space    used 8071K, committed 8320K, reserved 1048576K
}
Event: 17.326 GC heap after
{Heap after GC invocations=22 (full 0):
 garbage-first heap   total 92160K, used 58588K [0x0000000080000000, 0x0000000100000000)
  region size 1024K, 1 young (1024K), 1 survivors (1024K)
 Metaspace       used 60792K, committed 61312K, reserved 1105920K
  class space    used 8071K, committed 8320K, reserved 1048576K
}
Event: 17.673 GC heap before
{Heap before GC invocations=22 (full 0):
 garbage-first heap   total 92160K, used 71900K [0x0000000080000000, 0x0000000100000000)
  region size 1024K, 14 young (14336K), 1 survivors (1024K)
 Metaspace       used 62561K, committed 63104K, reserved 1105920K
  class space    used 8301K, committed 8576K, reserved 1048576K
}
Event: 17.676 GC heap after
{Heap after GC invocations=23 (full 0):
 garbage-first heap   total 92160K, used 58845K [0x0000000080000000, 0x0000000100000000)
  region size 1024K, 1 young (1024K), 1 survivors (1024K)
 Metaspace       used 62561K, committed 63104K, reserved 1105920K
  class space    used 8301K, committed 8576K, reserved 1048576K
}
Event: 18.138 GC heap before
{Heap before GC invocations=24 (full 0):
 garbage-first heap   total 102400K, used 72157K [0x0000000080000000, 0x0000000100000000)
  region size 1024K, 15 young (15360K), 1 survivors (1024K)
 Metaspace       used 64888K, committed 65408K, reserved 1105920K
  class space    used 8577K, committed 8832K, reserved 1048576K
}
Event: 18.141 GC heap after
{Heap after GC invocations=25 (full 0):
 garbage-first heap   total 102400K, used 59358K [0x0000000080000000, 0x0000000100000000)
  region size 1024K, 1 young (1024K), 1 survivors (1024K)
 Metaspace       used 64888K, committed 65408K, reserved 1105920K
  class space    used 8577K, committed 8832K, reserved 1048576K
}
Event: 18.272 GC heap before
{Heap before GC invocations=25 (full 0):
 garbage-first heap   total 102400K, used 62430K [0x0000000080000000, 0x0000000100000000)
  region size 1024K, 5 young (5120K), 1 survivors (1024K)
 Metaspace       used 65805K, committed 66304K, reserved 1114112K
  class space    used 8689K, committed 8896K, reserved 1048576K
}
Event: 18.275 GC heap after
{Heap after GC invocations=26 (full 0):
 garbage-first heap   total 102400K, used 59057K [0x0000000080000000, 0x0000000100000000)
  region size 1024K, 1 young (1024K), 1 survivors (1024K)
 Metaspace       used 65805K, committed 66304K, reserved 1114112K
  class space    used 8689K, committed 8896K, reserved 1048576K
}
Event: 18.968 GC heap before
{Heap before GC invocations=26 (full 0):
 garbage-first heap   total 102400K, used 81585K [0x0000000080000000, 0x0000000100000000)
  region size 1024K, 23 young (23552K), 1 survivors (1024K)
 Metaspace       used 69628K, committed 70144K, reserved 1114112K
  class space    used 9165K, committed 9408K, reserved 1048576K
}
Event: 18.972 GC heap after
{Heap after GC invocations=27 (full 0):
 garbage-first heap   total 102400K, used 60136K [0x0000000080000000, 0x0000000100000000)
  region size 1024K, 2 young (2048K), 2 survivors (2048K)
 Metaspace       used 69628K, committed 70144K, reserved 1114112K
  class space    used 9165K, committed 9408K, reserved 1048576K
}
Event: 19.317 GC heap before
{Heap before GC invocations=28 (full 0):
 garbage-first heap   total 104448K, used 86760K [0x0000000080000000, 0x0000000100000000)
  region size 1024K, 23 young (23552K), 2 survivors (2048K)
 Metaspace       used 71055K, committed 71616K, reserved 1114112K
  class space    used 9365K, committed 9664K, reserved 1048576K
}
Event: 19.323 GC heap after
{Heap after GC invocations=29 (full 0):
 garbage-first heap   total 104448K, used 68211K [0x0000000080000000, 0x0000000100000000)
  region size 1024K, 3 young (3072K), 3 survivors (3072K)
 Metaspace       used 71055K, committed 71616K, reserved 1114112K
  class space    used 9365K, committed 9664K, reserved 1048576K
}
Event: 19.333 GC heap before
{Heap before GC invocations=29 (full 0):
 garbage-first heap   total 104448K, used 70259K [0x0000000080000000, 0x0000000100000000)
  region size 1024K, 5 young (5120K), 3 survivors (3072K)
 Metaspace       used 71055K, committed 71616K, reserved 1114112K
  class space    used 9365K, committed 9664K, reserved 1048576K
}
Event: 19.339 GC heap after
{Heap after GC invocations=30 (full 0):
 garbage-first heap   total 104448K, used 69196K [0x0000000080000000, 0x0000000100000000)
  region size 1024K, 1 young (1024K), 1 survivors (1024K)
 Metaspace       used 71055K, committed 71616K, reserved 1114112K
  class space    used 9365K, committed 9664K, reserved 1048576K
}
Event: 19.722 GC heap before
{Heap before GC invocations=30 (full 0):
 garbage-first heap   total 104448K, used 83532K [0x0000000080000000, 0x0000000100000000)
  region size 1024K, 15 young (15360K), 1 survivors (1024K)
 Metaspace       used 72611K, committed 73216K, reserved 1114112K
  class space    used 9574K, committed 9856K, reserved 1048576K
}

