# JRE version: OpenJDK Runtime Environment (17.0.6) (build 17.0.6+0-b2043.56-10027231)
# Java VM: OpenJDK 64-Bit Server VM (17.0.6+0-b2043.56-10027231, mixed mode, tiered, compressed oops, compressed class ptrs, g1 gc, windows-amd64)
GC Precious Log:
 CPUs: 8 total, 8 available
 Memory: 7502M
 Large Page Support: Disabled
 NUMA Support: Disabled
 Compressed Oops: Enabled (32-bit)
 Heap Region Size: 1M
 Heap Min Capacity: 8M
 Heap Initial Capacity: 118M
 Heap Max Capacity: 2G
 Pre-touch: Disabled
 Parallel Workers: 8
 Concurrent Workers: 2
 Concurrent Refinement Workers: 8
 Periodic GC: Disabled
Heap:
 garbage-first heap   total 372736K, used 219731K [0x0000000080000000, 0x0000000100000000)
  region size 1024K, 3 young (3072K), 3 survivors (3072K)
 Metaspace       used 132892K, committed 133760K, reserved 1171456K
  class space    used 17350K, committed 17792K, reserved 1048576K
GC Heap History (20 events):
Event: 23.913 GC heap after
{Heap after GC invocations=37 (full 0):
 garbage-first heap   total 250880K, used 148700K [0x0000000080000000, 0x0000000100000000)
  region size 1024K, 7 young (7168K), 7 survivors (7168K)
 Metaspace       used 110702K, committed 111488K, reserved 1146880K
  class space    used 14781K, committed 15168K, reserved 1048576K
}
Event: 24.756 GC heap before
{Heap before GC invocations=37 (full 0):
 garbage-first heap   total 250880K, used 202972K [0x0000000080000000, 0x0000000100000000)
  region size 1024K, 61 young (62464K), 7 survivors (7168K)
 Metaspace       used 112762K, committed 113536K, reserved 1155072K
  class space    used 15032K, committed 15424K, reserved 1048576K
}
Event: 24.763 GC heap after
{Heap after GC invocations=38 (full 0):
 garbage-first heap   total 250880K, used 150257K [0x0000000080000000, 0x0000000100000000)
  region size 1024K, 6 young (6144K), 6 survivors (6144K)
 Metaspace       used 112762K, committed 113536K, reserved 1155072K
  class space    used 15032K, committed 15424K, reserved 1048576K
}
Event: 33.364 GC heap before
{Heap before GC invocations=38 (full 0):
 garbage-first heap   total 250880K, used 203505K [0x0000000080000000, 0x0000000100000000)
  region size 1024K, 59 young (60416K), 6 survivors (6144K)
 Metaspace       used 116063K, committed 116864K, reserved 1155072K
  class space    used 15459K, committed 15872K, reserved 1048576K
}
Event: 33.370 GC heap after
{Heap after GC invocations=39 (full 0):
 garbage-first heap   total 250880K, used 153226K [0x0000000080000000, 0x0000000100000000)
  region size 1024K, 4 young (4096K), 4 survivors (4096K)
 Metaspace       used 116063K, committed 116864K, reserved 1155072K
  class space    used 15459K, committed 15872K, reserved 1048576K
}
Event: 34.336 GC heap before
{Heap before GC invocations=39 (full 0):
 garbage-first heap   total 250880K, used 215690K [0x0000000080000000, 0x0000000100000000)
  region size 1024K, 57 young (58368K), 4 survivors (4096K)
 Metaspace       used 122846K, committed 123712K, reserved 1163264K
  class space    used 16206K, committed 16640K, reserved 1048576K
}
Event: 34.341 GC heap after
{Heap after GC invocations=40 (full 0):
 garbage-first heap   total 250880K, used 159471K [0x0000000080000000, 0x0000000100000000)
  region size 1024K, 6 young (6144K), 6 survivors (6144K)
 Metaspace       used 122846K, committed 123712K, reserved 1163264K
  class space    used 16206K, committed 16640K, reserved 1048576K
}
Event: 35.169 GC heap before
{Heap before GC invocations=40 (full 0):
 garbage-first heap   total 250880K, used 214767K [0x0000000080000000, 0x0000000100000000)
  region size 1024K, 56 young (57344K), 6 survivors (6144K)
 Metaspace       used 125593K, committed 126464K, reserved 1163264K
  class space    used 16513K, committed 16960K, reserved 1048576K
}
Event: 35.180 GC heap after
{Heap after GC invocations=41 (full 0):
 garbage-first heap   total 250880K, used 173741K [0x0000000080000000, 0x0000000100000000)
  region size 1024K, 7 young (7168K), 7 survivors (7168K)
 Metaspace       used 125593K, committed 126464K, reserved 1163264K
  class space    used 16513K, committed 16960K, reserved 1048576K
}
Event: 35.654 GC heap before
{Heap before GC invocations=41 (full 0):
 garbage-first heap   total 250880K, used 208557K [0x0000000080000000, 0x0000000100000000)
  region size 1024K, 41 young (41984K), 7 survivors (7168K)
 Metaspace       used 129738K, committed 130560K, reserved 1163264K
  class space    used 16909K, committed 17344K, reserved 1048576K
}
Event: 35.665 GC heap after
{Heap after GC invocations=42 (full 0):
 garbage-first heap   total 250880K, used 193718K [0x0000000080000000, 0x0000000100000000)
  region size 1024K, 6 young (6144K), 6 survivors (6144K)
 Metaspace       used 129738K, committed 130560K, reserved 1163264K
  class space    used 16909K, committed 17344K, reserved 1048576K
}
Event: 35.715 GC heap before
{Heap before GC invocations=42 (full 0):
 garbage-first heap   total 250880K, used 204982K [0x0000000080000000, 0x0000000100000000)
  region size 1024K, 18 young (18432K), 6 survivors (6144K)
 Metaspace       used 129741K, committed 130560K, reserved 1163264K
  class space    used 16909K, committed 17344K, reserved 1048576K
}
Event: 35.723 GC heap after
{Heap after GC invocations=43 (full 0):
 garbage-first heap   total 250880K, used 206205K [0x0000000080000000, 0x0000000100000000)
  region size 1024K, 3 young (3072K), 3 survivors (3072K)
 Metaspace       used 129741K, committed 130560K, reserved 1163264K
  class space    used 16909K, committed 17344K, reserved 1048576K
}
Event: 35.759 GC heap before
{Heap before GC invocations=43 (full 0):
 garbage-first heap   total 250880K, used 215421K [0x0000000080000000, 0x0000000100000000)
  region size 1024K, 12 young (12288K), 3 survivors (3072K)
 Metaspace       used 129743K, committed 130560K, reserved 1163264K
  class space    used 16909K, committed 17344K, reserved 1048576K
}
Event: 35.767 GC heap after
{Heap after GC invocations=44 (full 0):
 garbage-first heap   total 250880K, used 216430K [0x0000000080000000, 0x0000000100000000)
  region size 1024K, 2 young (2048K), 2 survivors (2048K)
 Metaspace       used 129743K, committed 130560K, reserved 1163264K
  class space    used 16909K, committed 17344K, reserved 1048576K
}
Event: 35.794 GC heap before
{Heap before GC invocations=44 (full 0):
 garbage-first heap   total 250880K, used 226670K [0x0000000080000000, 0x0000000100000000)
  region size 1024K, 12 young (12288K), 2 survivors (2048K)
 Metaspace       used 129743K, committed 130560K, reserved 1163264K
  class space    used 16909K, committed 17344K, reserved 1048576K
}
Event: 35.801 GC heap after
{Heap after GC invocations=45 (full 0):
 garbage-first heap   total 250880K, used 227610K [0x0000000080000000, 0x0000000100000000)
  region size 1024K, 2 young (2048K), 2 survivors (2048K)
 Metaspace       used 129743K, committed 130560K, reserved 1163264K
  class space    used 16909K, committed 17344K, reserved 1048576K
}
Event: 35.985 GC heap before
{Heap before GC invocations=46 (full 0):
 garbage-first heap   total 372736K, used 228634K [0x0000000080000000, 0x0000000100000000)
  region size 1024K, 12 young (12288K), 2 survivors (2048K)
 Metaspace       used 130333K, committed 131200K, reserved 1163264K
  class space    used 16977K, committed 17408K, reserved 1048576K
}
Event: 35.989 GC heap after
{Heap after GC invocations=47 (full 0):
 garbage-first heap   total 372736K, used 222731K [0x0000000080000000, 0x0000000100000000)
  region size 1024K, 2 young (2048K), 2 survivors (2048K)
 Metaspace       used 130333K, committed 131200K, reserved 1163264K
  class space    used 16977K, committed 17408K, reserved 1048576K
}
Event: 36.310 GC heap before
{Heap before GC invocations=47 (full 0):
 garbage-first heap   total 372736K, used 241163K [0x0000000080000000, 0x0000000100000000)
  region size 1024K, 18 young (18432K), 2 survivors (2048K)
 Metaspace       used 132892K, committed 133760K, reserved 1171456K
  class space    used 17350K, committed 17792K, reserved 1048576K
}

