# JRE version: OpenJDK Runtime Environment (17.0.6) (build 17.0.6+0-b2043.56-10027231)
# Java VM: OpenJDK 64-Bit Server VM (17.0.6+0-b2043.56-10027231, mixed mode, tiered, compressed oops, compressed class ptrs, g1 gc, windows-amd64)
GC Precious Log:
 CPUs: 8 total, 8 available
 Memory: 7502M
 Large Page Support: Disabled
 NUMA Support: Disabled
 Compressed Oops: Enabled (32-bit)
 Heap Region Size: 1M
 Heap Min Capacity: 8M
 Heap Initial Capacity: 118M
 Heap Max Capacity: 2G
 Pre-touch: Disabled
 Parallel Workers: 8
 Concurrent Workers: 2
 Concurrent Refinement Workers: 8
 Periodic GC: Disabled
Heap:
 garbage-first heap   total 345088K, used 290304K [0x0000000080000000, 0x0000000100000000)
  region size 1024K, 2 young (2048K), 2 survivors (2048K)
 Metaspace       used 120881K, committed 121664K, reserved 1155072K
  class space    used 15937K, committed 16320K, reserved 1048576K
GC Heap History (20 events):
Event: 13.643 GC heap after
{Heap after GC invocations=50 (full 0):
 garbage-first heap   total 153600K, used 90441K [0x0000000080000000, 0x0000000100000000)
  region size 1024K, 6 young (6144K), 6 survivors (6144K)
 Metaspace       used 96555K, committed 97280K, reserved 1138688K
  class space    used 13155K, committed 13504K, reserved 1048576K
}
Event: 13.866 GC heap before
{Heap before GC invocations=50 (full 0):
 garbage-first heap   total 153600K, used 113993K [0x0000000080000000, 0x0000000100000000)
  region size 1024K, 31 young (31744K), 6 survivors (6144K)
 Metaspace       used 97415K, committed 98176K, reserved 1138688K
  class space    used 13226K, committed 13568K, reserved 1048576K
}
Event: 13.874 GC heap after
{Heap after GC invocations=51 (full 0):
 garbage-first heap   total 153600K, used 96050K [0x0000000080000000, 0x0000000100000000)
  region size 1024K, 5 young (5120K), 5 survivors (5120K)
 Metaspace       used 97415K, committed 98176K, reserved 1138688K
  class space    used 13226K, committed 13568K, reserved 1048576K
}
Event: 14.471 GC heap before
{Heap before GC invocations=52 (full 0):
 garbage-first heap   total 167936K, used 123698K [0x0000000080000000, 0x0000000100000000)
  region size 1024K, 32 young (32768K), 5 survivors (5120K)
 Metaspace       used 99914K, committed 100672K, reserved 1138688K
  class space    used 13532K, committed 13888K, reserved 1048576K
}
Event: 14.478 GC heap after
{Heap after GC invocations=53 (full 0):
 garbage-first heap   total 167936K, used 99732K [0x0000000080000000, 0x0000000100000000)
  region size 1024K, 4 young (4096K), 4 survivors (4096K)
 Metaspace       used 99914K, committed 100672K, reserved 1138688K
  class space    used 13532K, committed 13888K, reserved 1048576K
}
Event: 14.513 GC heap before
{Heap before GC invocations=53 (full 0):
 garbage-first heap   total 167936K, used 103828K [0x0000000080000000, 0x0000000100000000)
  region size 1024K, 8 young (8192K), 4 survivors (4096K)
 Metaspace       used 100174K, committed 100928K, reserved 1138688K
  class space    used 13613K, committed 13952K, reserved 1048576K
}
Event: 14.518 GC heap after
{Heap after GC invocations=54 (full 0):
 garbage-first heap   total 327680K, used 100274K [0x0000000080000000, 0x0000000100000000)
  region size 1024K, 1 young (1024K), 1 survivors (1024K)
 Metaspace       used 100174K, committed 100928K, reserved 1138688K
  class space    used 13613K, committed 13952K, reserved 1048576K
}
Event: 15.845 GC heap before
{Heap before GC invocations=54 (full 0):
 garbage-first heap   total 327680K, used 250802K [0x0000000080000000, 0x0000000100000000)
  region size 1024K, 149 young (152576K), 1 survivors (1024K)
 Metaspace       used 101283K, committed 102016K, reserved 1138688K
  class space    used 13702K, committed 14080K, reserved 1048576K
}
Event: 15.859 GC heap after
{Heap after GC invocations=55 (full 0):
 garbage-first heap   total 327680K, used 111574K [0x0000000080000000, 0x0000000100000000)
  region size 1024K, 12 young (12288K), 12 survivors (12288K)
 Metaspace       used 101283K, committed 102016K, reserved 1138688K
  class space    used 13702K, committed 14080K, reserved 1048576K
}
Event: 16.969 GC heap before
{Heap before GC invocations=55 (full 0):
 garbage-first heap   total 327680K, used 252886K [0x0000000080000000, 0x0000000100000000)
  region size 1024K, 149 young (152576K), 12 survivors (12288K)
 Metaspace       used 103593K, committed 104384K, reserved 1138688K
  class space    used 14042K, committed 14400K, reserved 1048576K
}
Event: 16.982 GC heap after
{Heap after GC invocations=56 (full 0):
 garbage-first heap   total 327680K, used 118688K [0x0000000080000000, 0x0000000100000000)
  region size 1024K, 10 young (10240K), 10 survivors (10240K)
 Metaspace       used 103593K, committed 104384K, reserved 1138688K
  class space    used 14042K, committed 14400K, reserved 1048576K
}
Event: 18.456 GC heap before
{Heap before GC invocations=56 (full 0):
 garbage-first heap   total 327680K, used 263072K [0x0000000080000000, 0x0000000100000000)
  region size 1024K, 144 young (147456K), 10 survivors (10240K)
 Metaspace       used 111324K, committed 112064K, reserved 1146880K
  class space    used 14845K, committed 15232K, reserved 1048576K
}
Event: 18.473 GC heap after
{Heap after GC invocations=57 (full 0):
 garbage-first heap   total 327680K, used 136066K [0x0000000080000000, 0x0000000100000000)
  region size 1024K, 18 young (18432K), 18 survivors (18432K)
 Metaspace       used 111324K, committed 112064K, reserved 1146880K
  class space    used 14845K, committed 15232K, reserved 1048576K
}
Event: 19.994 GC heap before
{Heap before GC invocations=57 (full 0):
 garbage-first heap   total 327680K, used 259970K [0x0000000080000000, 0x0000000100000000)
  region size 1024K, 137 young (140288K), 18 survivors (18432K)
 Metaspace       used 120797K, committed 121600K, reserved 1155072K
  class space    used 15937K, committed 16320K, reserved 1048576K
}
Event: 20.033 GC heap after
{Heap after GC invocations=58 (full 0):
 garbage-first heap   total 345088K, used 203419K [0x0000000080000000, 0x0000000100000000)
  region size 1024K, 18 young (18432K), 18 survivors (18432K)
 Metaspace       used 120797K, committed 121600K, reserved 1155072K
  class space    used 15937K, committed 16320K, reserved 1048576K
}
Event: 20.222 GC heap before
{Heap before GC invocations=58 (full 0):
 garbage-first heap   total 345088K, used 261787K [0x0000000080000000, 0x0000000100000000)
  region size 1024K, 75 young (76800K), 18 survivors (18432K)
 Metaspace       used 120881K, committed 121664K, reserved 1155072K
  class space    used 15937K, committed 16320K, reserved 1048576K
}
Event: 20.251 GC heap after
{Heap after GC invocations=59 (full 0):
 garbage-first heap   total 345088K, used 249344K [0x0000000080000000, 0x0000000100000000)
  region size 1024K, 10 young (10240K), 10 survivors (10240K)
 Metaspace       used 120881K, committed 121664K, reserved 1155072K
  class space    used 15937K, committed 16320K, reserved 1048576K
}
Event: 20.327 GC heap before
{Heap before GC invocations=59 (full 0):
 garbage-first heap   total 345088K, used 275968K [0x0000000080000000, 0x0000000100000000)
  region size 1024K, 36 young (36864K), 10 survivors (10240K)
 Metaspace       used 120881K, committed 121664K, reserved 1155072K
  class space    used 15937K, committed 16320K, reserved 1048576K
}
Event: 20.345 GC heap after
{Heap after GC invocations=60 (full 0):
 garbage-first heap   total 345088K, used 277504K [0x0000000080000000, 0x0000000100000000)
  region size 1024K, 5 young (5120K), 5 survivors (5120K)
 Metaspace       used 120881K, committed 121664K, reserved 1155072K
  class space    used 15937K, committed 16320K, reserved 1048576K
}
Event: 20.370 GC heap before
{Heap before GC invocations=60 (full 0):
 garbage-first heap   total 345088K, used 288768K [0x0000000080000000, 0x0000000100000000)
  region size 1024K, 16 young (16384K), 5 survivors (5120K)
 Metaspace       used 120881K, committed 121664K, reserved 1155072K
  class space    used 15937K, committed 16320K, reserved 1048576K
}

