# JRE version: OpenJDK Runtime Environment (17.0.6) (build 17.0.6+0-b2043.56-10027231)
# Java VM: OpenJDK 64-Bit Server VM (17.0.6+0-b2043.56-10027231, mixed mode, tiered, compressed oops, compressed class ptrs, g1 gc, windows-amd64)
GC Precious Log:
 CPUs: 8 total, 8 available
 Memory: 7502M
 Large Page Support: Disabled
 NUMA Support: Disabled
 Compressed Oops: Enabled (32-bit)
 Heap Region Size: 1M
 Heap Min Capacity: 8M
 Heap Initial Capacity: 118M
 Heap Max Capacity: 2G
 Pre-touch: Disabled
 Parallel Workers: 8
 Concurrent Workers: 2
 Concurrent Refinement Workers: 8
 Periodic GC: Disabled
Heap:
 garbage-first heap   total 310272K, used 245669K [0x0000000080000000, 0x0000000100000000)
  region size 1024K, 1 young (1024K), 1 survivors (1024K)
 Metaspace       used 118997K, committed 119744K, reserved 1155072K
  class space    used 16238K, committed 16576K, reserved 1048576K
GC Heap History (20 events):
Event: 24.481 GC heap after
{Heap after GC invocations=36 (full 0):
 garbage-first heap   total 249856K, used 115931K [0x0000000080000000, 0x0000000100000000)
  region size 1024K, 8 young (8192K), 8 survivors (8192K)
 Metaspace       used 107612K, committed 108288K, reserved 1146880K
  class space    used 14509K, committed 14848K, reserved 1048576K
}
Event: 25.314 GC heap before
{Heap before GC invocations=36 (full 0):
 garbage-first heap   total 249856K, used 197851K [0x0000000080000000, 0x0000000100000000)
  region size 1024K, 89 young (91136K), 8 survivors (8192K)
 Metaspace       used 108366K, committed 109120K, reserved 1146880K
  class space    used 14602K, committed 14976K, reserved 1048576K
}
Event: 25.328 GC heap after
{Heap after GC invocations=37 (full 0):
 garbage-first heap   total 249856K, used 121801K [0x0000000080000000, 0x0000000100000000)
  region size 1024K, 8 young (8192K), 8 survivors (8192K)
 Metaspace       used 108366K, committed 109120K, reserved 1146880K
  class space    used 14602K, committed 14976K, reserved 1048576K
}
Event: 26.287 GC heap before
{Heap before GC invocations=37 (full 0):
 garbage-first heap   total 249856K, used 210889K [0x0000000080000000, 0x0000000100000000)
  region size 1024K, 85 young (87040K), 8 survivors (8192K)
 Metaspace       used 112594K, committed 113344K, reserved 1146880K
  class space    used 15181K, committed 15552K, reserved 1048576K
}
Event: 26.299 GC heap after
{Heap after GC invocations=38 (full 0):
 garbage-first heap   total 249856K, used 142580K [0x0000000080000000, 0x0000000100000000)
  region size 1024K, 11 young (11264K), 11 survivors (11264K)
 Metaspace       used 112594K, committed 113344K, reserved 1146880K
  class space    used 15181K, committed 15552K, reserved 1048576K
}
Event: 26.728 GC heap before
{Heap before GC invocations=38 (full 0):
 garbage-first heap   total 249856K, used 225524K [0x0000000080000000, 0x0000000100000000)
  region size 1024K, 65 young (66560K), 11 survivors (11264K)
 Metaspace       used 112944K, committed 113664K, reserved 1146880K
  class space    used 15229K, committed 15616K, reserved 1048576K
}
Event: 26.752 GC heap after
{Heap after GC invocations=39 (full 0):
 garbage-first heap   total 258048K, used 173894K [0x0000000080000000, 0x0000000100000000)
  region size 1024K, 9 young (9216K), 9 survivors (9216K)
 Metaspace       used 112944K, committed 113664K, reserved 1146880K
  class space    used 15229K, committed 15616K, reserved 1048576K
}
Event: 27.170 GC heap before
{Heap before GC invocations=39 (full 0):
 garbage-first heap   total 258048K, used 209734K [0x0000000080000000, 0x0000000100000000)
  region size 1024K, 44 young (45056K), 9 survivors (9216K)
 Metaspace       used 115542K, committed 116288K, reserved 1155072K
  class space    used 15785K, committed 16128K, reserved 1048576K
}
Event: 27.197 GC heap after
{Heap after GC invocations=40 (full 0):
 garbage-first heap   total 258048K, used 188700K [0x0000000080000000, 0x0000000100000000)
  region size 1024K, 6 young (6144K), 6 survivors (6144K)
 Metaspace       used 115542K, committed 116288K, reserved 1155072K
  class space    used 15785K, committed 16128K, reserved 1048576K
}
Event: 27.299 GC heap before
{Heap before GC invocations=40 (full 0):
 garbage-first heap   total 258048K, used 211228K [0x0000000080000000, 0x0000000100000000)
  region size 1024K, 29 young (29696K), 6 survivors (6144K)
 Metaspace       used 115665K, committed 116416K, reserved 1155072K
  class space    used 15786K, committed 16128K, reserved 1048576K
}
Event: 27.325 GC heap after
{Heap after GC invocations=41 (full 0):
 garbage-first heap   total 258048K, used 201380K [0x0000000080000000, 0x0000000100000000)
  region size 1024K, 4 young (4096K), 4 survivors (4096K)
 Metaspace       used 115665K, committed 116416K, reserved 1155072K
  class space    used 15786K, committed 16128K, reserved 1048576K
}
Event: 27.375 GC heap before
{Heap before GC invocations=41 (full 0):
 garbage-first heap   total 258048K, used 215716K [0x0000000080000000, 0x0000000100000000)
  region size 1024K, 18 young (18432K), 4 survivors (4096K)
 Metaspace       used 115702K, committed 116416K, reserved 1155072K
  class space    used 15786K, committed 16128K, reserved 1048576K
}
Event: 27.390 GC heap after
{Heap after GC invocations=42 (full 0):
 garbage-first heap   total 310272K, used 209229K [0x0000000080000000, 0x0000000100000000)
  region size 1024K, 3 young (3072K), 3 survivors (3072K)
 Metaspace       used 115702K, committed 116416K, reserved 1155072K
  class space    used 15786K, committed 16128K, reserved 1048576K
}
Event: 27.500 GC heap before
{Heap before GC invocations=42 (full 0):
 garbage-first heap   total 310272K, used 241997K [0x0000000080000000, 0x0000000100000000)
  region size 1024K, 36 young (36864K), 3 survivors (3072K)
 Metaspace       used 115731K, committed 116480K, reserved 1155072K
  class space    used 15786K, committed 16128K, reserved 1048576K
}
Event: 27.521 GC heap after
{Heap after GC invocations=43 (full 0):
 garbage-first heap   total 310272K, used 226989K [0x0000000080000000, 0x0000000100000000)
  region size 1024K, 5 young (5120K), 5 survivors (5120K)
 Metaspace       used 115731K, committed 116480K, reserved 1155072K
  class space    used 15786K, committed 16128K, reserved 1048576K
}
Event: 27.617 GC heap before
{Heap before GC invocations=43 (full 0):
 garbage-first heap   total 310272K, used 250541K [0x0000000080000000, 0x0000000100000000)
  region size 1024K, 28 young (28672K), 5 survivors (5120K)
 Metaspace       used 115766K, committed 116480K, reserved 1155072K
  class space    used 15786K, committed 16128K, reserved 1048576K
}
Event: 27.639 GC heap after
{Heap after GC invocations=44 (full 0):
 garbage-first heap   total 310272K, used 239940K [0x0000000080000000, 0x0000000100000000)
  region size 1024K, 4 young (4096K), 4 survivors (4096K)
 Metaspace       used 115766K, committed 116480K, reserved 1155072K
  class space    used 15786K, committed 16128K, reserved 1048576K
}
Event: 28.094 GC heap before
{Heap before GC invocations=44 (full 0):
 garbage-first heap   total 310272K, used 256324K [0x0000000080000000, 0x0000000100000000)
  region size 1024K, 21 young (21504K), 4 survivors (4096K)
 Metaspace       used 118484K, committed 119232K, reserved 1155072K
  class space    used 16167K, committed 16512K, reserved 1048576K
}
Event: 28.106 GC heap after
{Heap after GC invocations=45 (full 0):
 garbage-first heap   total 310272K, used 244618K [0x0000000080000000, 0x0000000100000000)
  region size 1024K, 3 young (3072K), 3 survivors (3072K)
 Metaspace       used 118484K, committed 119232K, reserved 1155072K
  class space    used 16167K, committed 16512K, reserved 1048576K
}
Event: 28.370 GC heap before
{Heap before GC invocations=45 (full 0):
 garbage-first heap   total 310272K, used 259978K [0x0000000080000000, 0x0000000100000000)
  region size 1024K, 18 young (18432K), 3 survivors (3072K)
 Metaspace       used 118997K, committed 119744K, reserved 1155072K
  class space    used 16238K, committed 16576K, reserved 1048576K
}

