# JRE version: OpenJDK Runtime Environment (17.0.6) (build 17.0.6+0-b2043.56-10027231)
# Java VM: OpenJDK 64-Bit Server VM (17.0.6+0-b2043.56-10027231, mixed mode, tiered, compressed oops, compressed class ptrs, g1 gc, windows-amd64)
GC Precious Log:
 CPUs: 8 total, 8 available
 Memory: 7502M
 Large Page Support: Disabled
 NUMA Support: Disabled
 Compressed Oops: Enabled (32-bit)
 Heap Region Size: 1M
 Heap Min Capacity: 8M
 Heap Initial Capacity: 118M
 Heap Max Capacity: 2G
 Pre-touch: Disabled
 Parallel Workers: 8
 Concurrent Workers: 2
 Concurrent Refinement Workers: 8
 Periodic GC: Disabled
Heap:
 garbage-first heap   total 164864K, used 102501K [0x0000000080000000, 0x0000000100000000)
  region size 1024K, 7 young (7168K), 5 survivors (5120K)
 Metaspace       used 102658K, committed 103424K, reserved 1138688K
  class space    used 13830K, committed 14208K, reserved 1048576K
GC Heap History (20 events):
Event: 17.911 GC heap before
{Heap before GC invocations=36 (full 0):
 garbage-first heap   total 121856K, used 93933K [0x0000000080000000, 0x0000000100000000)
  region size 1024K, 29 young (29696K), 4 survivors (4096K)
 Metaspace       used 80145K, committed 80704K, reserved 1122304K
  class space    used 10560K, committed 10816K, reserved 1048576K
}
Event: 17.919 GC heap after
{Heap after GC invocations=37 (full 0):
 garbage-first heap   total 121856K, used 73104K [0x0000000080000000, 0x0000000100000000)
  region size 1024K, 4 young (4096K), 4 survivors (4096K)
 Metaspace       used 80145K, committed 80704K, reserved 1122304K
  class space    used 10560K, committed 10816K, reserved 1048576K
}
Event: 17.935 GC heap before
{Heap before GC invocations=37 (full 0):
 garbage-first heap   total 121856K, used 74128K [0x0000000080000000, 0x0000000100000000)
  region size 1024K, 5 young (5120K), 4 survivors (4096K)
 Metaspace       used 80147K, committed 80704K, reserved 1122304K
  class space    used 10560K, committed 10816K, reserved 1048576K
}
Event: 17.940 GC heap after
{Heap after GC invocations=38 (full 0):
 garbage-first heap   total 121856K, used 73465K [0x0000000080000000, 0x0000000100000000)
  region size 1024K, 1 young (1024K), 1 survivors (1024K)
 Metaspace       used 80147K, committed 80704K, reserved 1122304K
  class space    used 10560K, committed 10816K, reserved 1048576K
}
Event: 18.670 GC heap before
{Heap before GC invocations=38 (full 0):
 garbage-first heap   total 121856K, used 99065K [0x0000000080000000, 0x0000000100000000)
  region size 1024K, 26 young (26624K), 1 survivors (1024K)
 Metaspace       used 82777K, committed 83392K, reserved 1122304K
  class space    used 10919K, committed 11200K, reserved 1048576K
}
Event: 18.673 GC heap after
{Heap after GC invocations=39 (full 0):
 garbage-first heap   total 121856K, used 74873K [0x0000000080000000, 0x0000000100000000)
  region size 1024K, 3 young (3072K), 3 survivors (3072K)
 Metaspace       used 82777K, committed 83392K, reserved 1122304K
  class space    used 10919K, committed 11200K, reserved 1048576K
}
Event: 19.494 GC heap before
{Heap before GC invocations=39 (full 0):
 garbage-first heap   total 121856K, used 99449K [0x0000000080000000, 0x0000000100000000)
  region size 1024K, 27 young (27648K), 3 survivors (3072K)
 Metaspace       used 85917K, committed 86528K, reserved 1130496K
  class space    used 11549K, committed 11840K, reserved 1048576K
}
Event: 19.499 GC heap after
{Heap after GC invocations=40 (full 0):
 garbage-first heap   total 121856K, used 75411K [0x0000000080000000, 0x0000000100000000)
  region size 1024K, 3 young (3072K), 3 survivors (3072K)
 Metaspace       used 85917K, committed 86528K, reserved 1130496K
  class space    used 11549K, committed 11840K, reserved 1048576K
}
Event: 20.206 GC heap before
{Heap before GC invocations=40 (full 0):
 garbage-first heap   total 121856K, used 99987K [0x0000000080000000, 0x0000000100000000)
  region size 1024K, 27 young (27648K), 3 survivors (3072K)
 Metaspace       used 88350K, committed 88960K, reserved 1130496K
  class space    used 11889K, committed 12160K, reserved 1048576K
}
Event: 20.212 GC heap after
{Heap after GC invocations=41 (full 0):
 garbage-first heap   total 121856K, used 77247K [0x0000000080000000, 0x0000000100000000)
  region size 1024K, 4 young (4096K), 4 survivors (4096K)
 Metaspace       used 88350K, committed 88960K, reserved 1130496K
  class space    used 11889K, committed 12160K, reserved 1048576K
}
Event: 20.895 GC heap before
{Heap before GC invocations=42 (full 0):
 garbage-first heap   total 137216K, used 98751K [0x0000000080000000, 0x0000000100000000)
  region size 1024K, 25 young (25600K), 4 survivors (4096K)
 Metaspace       used 90545K, committed 91200K, reserved 1130496K
  class space    used 12242K, committed 12544K, reserved 1048576K
}
Event: 20.901 GC heap after
{Heap after GC invocations=43 (full 0):
 garbage-first heap   total 137216K, used 78743K [0x0000000080000000, 0x0000000100000000)
  region size 1024K, 4 young (4096K), 4 survivors (4096K)
 Metaspace       used 90545K, committed 91200K, reserved 1130496K
  class space    used 12242K, committed 12544K, reserved 1048576K
}
Event: 20.964 GC heap before
{Heap before GC invocations=43 (full 0):
 garbage-first heap   total 137216K, used 80791K [0x0000000080000000, 0x0000000100000000)
  region size 1024K, 6 young (6144K), 4 survivors (4096K)
 Metaspace       used 90909K, committed 91520K, reserved 1130496K
  class space    used 12292K, committed 12608K, reserved 1048576K
}
Event: 20.971 GC heap after
{Heap after GC invocations=44 (full 0):
 garbage-first heap   total 164864K, used 77307K [0x0000000080000000, 0x0000000100000000)
  region size 1024K, 1 young (1024K), 1 survivors (1024K)
 Metaspace       used 90909K, committed 91520K, reserved 1130496K
  class space    used 12292K, committed 12608K, reserved 1048576K
}
Event: 22.461 GC heap before
{Heap before GC invocations=44 (full 0):
 garbage-first heap   total 164864K, used 133627K [0x0000000080000000, 0x0000000100000000)
  region size 1024K, 56 young (57344K), 1 survivors (1024K)
 Metaspace       used 97247K, committed 97920K, reserved 1138688K
  class space    used 13186K, committed 13504K, reserved 1048576K
}
Event: 22.470 GC heap after
{Heap after GC invocations=45 (full 0):
 garbage-first heap   total 164864K, used 81879K [0x0000000080000000, 0x0000000100000000)
  region size 1024K, 5 young (5120K), 5 survivors (5120K)
 Metaspace       used 97247K, committed 97920K, reserved 1138688K
  class space    used 13186K, committed 13504K, reserved 1048576K
}
Event: 23.330 GC heap before
{Heap before GC invocations=45 (full 0):
 garbage-first heap   total 164864K, used 133079K [0x0000000080000000, 0x0000000100000000)
  region size 1024K, 55 young (56320K), 5 survivors (5120K)
 Metaspace       used 99058K, committed 99776K, reserved 1138688K
  class space    used 13427K, committed 13760K, reserved 1048576K
}
Event: 23.343 GC heap after
{Heap after GC invocations=46 (full 0):
 garbage-first heap   total 164864K, used 88368K [0x0000000080000000, 0x0000000100000000)
  region size 1024K, 7 young (7168K), 7 survivors (7168K)
 Metaspace       used 99058K, committed 99776K, reserved 1138688K
  class space    used 13427K, committed 13760K, reserved 1048576K
}
Event: 23.910 GC heap before
{Heap before GC invocations=46 (full 0):
 garbage-first heap   total 164864K, used 133424K [0x0000000080000000, 0x0000000100000000)
  region size 1024K, 51 young (52224K), 7 survivors (7168K)
 Metaspace       used 100779K, committed 101440K, reserved 1138688K
  class space    used 13535K, committed 13888K, reserved 1048576K
}
Event: 23.925 GC heap after
{Heap after GC invocations=47 (full 0):
 garbage-first heap   total 164864K, used 96048K [0x0000000080000000, 0x0000000100000000)
  region size 1024K, 7 young (7168K), 7 survivors (7168K)
 Metaspace       used 100779K, committed 101440K, reserved 1138688K
  class space    used 13535K, committed 13888K, reserved 1048576K
}

