# JRE version: OpenJDK Runtime Environment (17.0.6) (build 17.0.6+0-b2043.56-10027231)
# Java VM: OpenJDK 64-Bit Server VM (17.0.6+0-b2043.56-10027231, mixed mode, tiered, compressed oops, compressed class ptrs, g1 gc, windows-amd64)
GC Precious Log:
 CPUs: 8 total, 8 available
 Memory: 7502M
 Large Page Support: Disabled
 NUMA Support: Disabled
 Compressed Oops: Enabled (32-bit)
 Heap Region Size: 1M
 Heap Min Capacity: 8M
 Heap Initial Capacity: 118M
 Heap Max Capacity: 2G
 Pre-touch: Disabled
 Parallel Workers: 8
 Concurrent Workers: 2
 Concurrent Refinement Workers: 8
 Periodic GC: Disabled
Heap:
 garbage-first heap   total 363520K, used 265519K [0x0000000080000000, 0x0000000100000000)
  region size 1024K, 6 young (6144K), 6 survivors (6144K)
 Metaspace       used 147677K, committed 148608K, reserved 1179648K
  class space    used 19595K, committed 20096K, reserved 1048576K
GC Heap History (20 events):
Event: 671.461 GC heap after
{Heap after GC invocations=51 (full 0):
 garbage-first heap   total 266240K, used 146778K [0x0000000080000000, 0x0000000100000000)
  region size 1024K, 11 young (11264K), 11 survivors (11264K)
 Metaspace       used 128954K, committed 129856K, reserved 1163264K
  class space    used 17484K, committed 17920K, reserved 1048576K
}
Event: 672.837 GC heap before
{Heap before GC invocations=51 (full 0):
 garbage-first heap   total 266240K, used 182618K [0x0000000080000000, 0x0000000100000000)
  region size 1024K, 48 young (49152K), 11 survivors (11264K)
 Metaspace       used 129128K, committed 130048K, reserved 1163264K
  class space    used 17488K, committed 17920K, reserved 1048576K
}
Event: 672.847 GC heap after
{Heap after GC invocations=52 (full 0):
 garbage-first heap   total 266240K, used 150059K [0x0000000080000000, 0x0000000100000000)
  region size 1024K, 4 young (4096K), 4 survivors (4096K)
 Metaspace       used 129128K, committed 130048K, reserved 1163264K
  class space    used 17488K, committed 17920K, reserved 1048576K
}
Event: 674.165 GC heap before
{Heap before GC invocations=53 (full 0):
 garbage-first heap   total 283648K, used 226859K [0x0000000080000000, 0x0000000100000000)
  region size 1024K, 73 young (74752K), 4 survivors (4096K)
 Metaspace       used 137775K, committed 138688K, reserved 1171456K
  class space    used 18448K, committed 18880K, reserved 1048576K
}
Event: 674.171 GC heap after
{Heap after GC invocations=54 (full 0):
 garbage-first heap   total 283648K, used 156454K [0x0000000080000000, 0x0000000100000000)
  region size 1024K, 10 young (10240K), 10 survivors (10240K)
 Metaspace       used 137775K, committed 138688K, reserved 1171456K
  class space    used 18448K, committed 18880K, reserved 1048576K
}
Event: 674.221 GC heap before
{Heap before GC invocations=54 (full 0):
 garbage-first heap   total 283648K, used 161574K [0x0000000080000000, 0x0000000100000000)
  region size 1024K, 13 young (13312K), 10 survivors (10240K)
 Metaspace       used 137775K, committed 138688K, reserved 1171456K
  class space    used 18448K, committed 18880K, reserved 1048576K
}
Event: 674.228 GC heap after
{Heap after GC invocations=55 (full 0):
 garbage-first heap   total 283648K, used 158166K [0x0000000080000000, 0x0000000100000000)
  region size 1024K, 2 young (2048K), 2 survivors (2048K)
 Metaspace       used 137775K, committed 138688K, reserved 1171456K
  class space    used 18448K, committed 18880K, reserved 1048576K
}
Event: 674.424 GC heap before
{Heap before GC invocations=55 (full 0):
 garbage-first heap   total 283648K, used 178646K [0x0000000080000000, 0x0000000100000000)
  region size 1024K, 23 young (23552K), 2 survivors (2048K)
 Metaspace       used 138273K, committed 139200K, reserved 1171456K
  class space    used 18509K, committed 18944K, reserved 1048576K
}
Event: 674.428 GC heap after
{Heap after GC invocations=56 (full 0):
 garbage-first heap   total 283648K, used 162184K [0x0000000080000000, 0x0000000100000000)
  region size 1024K, 6 young (6144K), 6 survivors (6144K)
 Metaspace       used 138273K, committed 139200K, reserved 1171456K
  class space    used 18509K, committed 18944K, reserved 1048576K
}
Event: 675.205 GC heap before
{Heap before GC invocations=57 (full 0):
 garbage-first heap   total 290816K, used 215432K [0x0000000080000000, 0x0000000100000000)
  region size 1024K, 56 young (57344K), 6 survivors (6144K)
 Metaspace       used 144018K, committed 145024K, reserved 1179648K
  class space    used 19106K, committed 19584K, reserved 1048576K
}
Event: 675.217 GC heap after
{Heap after GC invocations=58 (full 0):
 garbage-first heap   total 290816K, used 185066K [0x0000000080000000, 0x0000000100000000)
  region size 1024K, 7 young (7168K), 7 survivors (7168K)
 Metaspace       used 144018K, committed 145024K, reserved 1179648K
  class space    used 19106K, committed 19584K, reserved 1048576K
}
Event: 675.267 GC heap before
{Heap before GC invocations=58 (full 0):
 garbage-first heap   total 290816K, used 191210K [0x0000000080000000, 0x0000000100000000)
  region size 1024K, 14 young (14336K), 7 survivors (7168K)
 Metaspace       used 144124K, committed 145088K, reserved 1179648K
  class space    used 19110K, committed 19584K, reserved 1048576K
}
Event: 675.282 GC heap after
{Heap after GC invocations=59 (full 0):
 garbage-first heap   total 290816K, used 181199K [0x0000000080000000, 0x0000000100000000)
  region size 1024K, 2 young (2048K), 2 survivors (2048K)
 Metaspace       used 144124K, committed 145088K, reserved 1179648K
  class space    used 19110K, committed 19584K, reserved 1048576K
}
Event: 675.571 GC heap before
{Heap before GC invocations=59 (full 0):
 garbage-first heap   total 290816K, used 218063K [0x0000000080000000, 0x0000000100000000)
  region size 1024K, 38 young (38912K), 2 survivors (2048K)
 Metaspace       used 145420K, committed 146432K, reserved 1179648K
  class space    used 19271K, committed 19776K, reserved 1048576K
}
Event: 675.585 GC heap after
{Heap after GC invocations=60 (full 0):
 garbage-first heap   total 290816K, used 209920K [0x0000000080000000, 0x0000000100000000)
  region size 1024K, 5 young (5120K), 5 survivors (5120K)
 Metaspace       used 145420K, committed 146432K, reserved 1179648K
  class space    used 19271K, committed 19776K, reserved 1048576K
}
Event: 675.896 GC heap before
{Heap before GC invocations=61 (full 0):
 garbage-first heap   total 363520K, used 227328K [0x0000000080000000, 0x0000000100000000)
  region size 1024K, 21 young (21504K), 5 survivors (5120K)
 Metaspace       used 147572K, committed 148544K, reserved 1179648K
  class space    used 19586K, committed 20096K, reserved 1048576K
}
Event: 675.901 GC heap after
{Heap after GC invocations=62 (full 0):
 garbage-first heap   total 363520K, used 216515K [0x0000000080000000, 0x0000000100000000)
  region size 1024K, 3 young (3072K), 3 survivors (3072K)
 Metaspace       used 147572K, committed 148544K, reserved 1179648K
  class space    used 19586K, committed 20096K, reserved 1048576K
}
Event: 676.018 GC heap before
{Heap before GC invocations=62 (full 0):
 garbage-first heap   total 363520K, used 230851K [0x0000000080000000, 0x0000000100000000)
  region size 1024K, 17 young (17408K), 3 survivors (3072K)
 Metaspace       used 147676K, committed 148608K, reserved 1179648K
  class space    used 19595K, committed 20096K, reserved 1048576K
}
Event: 676.028 GC heap after
{Heap after GC invocations=63 (full 0):
 garbage-first heap   total 363520K, used 223950K [0x0000000080000000, 0x0000000100000000)
  region size 1024K, 3 young (3072K), 3 survivors (3072K)
 Metaspace       used 147676K, committed 148608K, reserved 1179648K
  class space    used 19595K, committed 20096K, reserved 1048576K
}
Event: 676.162 GC heap before
{Heap before GC invocations=63 (full 0):
 garbage-first heap   total 363520K, used 267982K [0x0000000080000000, 0x0000000100000000)
  region size 1024K, 46 young (47104K), 3 survivors (3072K)
 Metaspace       used 147677K, committed 148608K, reserved 1179648K
  class space    used 19595K, committed 20096K, reserved 1048576K
}

