# JRE version: OpenJDK Runtime Environment (17.0.6) (build 17.0.6+0-b2043.56-10027231)
# Java VM: OpenJDK 64-Bit Server VM (17.0.6+0-b2043.56-10027231, mixed mode, tiered, compressed oops, compressed class ptrs, g1 gc, windows-amd64)
GC Precious Log:
 CPUs: 8 total, 8 available
 Memory: 7502M
 Large Page Support: Disabled
 NUMA Support: Disabled
 Compressed Oops: Enabled (32-bit)
 Heap Region Size: 1M
 Heap Min Capacity: 8M
 Heap Initial Capacity: 118M
 Heap Max Capacity: 2G
 Pre-touch: Disabled
 Parallel Workers: 8
 Concurrent Workers: 2
 Concurrent Refinement Workers: 8
 Periodic GC: Disabled
Heap:
 garbage-first heap   total 96256K, used 66646K [0x0000000080000000, 0x0000000100000000)
  region size 1024K, 13 young (13312K), 1 survivors (1024K)
 Metaspace       used 63693K, committed 64256K, reserved 1105920K
  class space    used 8446K, committed 8704K, reserved 1048576K
GC Heap History (20 events):
Event: 4.371 GC heap before
{Heap before GC invocations=10 (full 0):
 garbage-first heap   total 68608K, used 45646K [0x0000000080000000, 0x0000000100000000)
  region size 1024K, 25 young (25600K), 3 survivors (3072K)
 Metaspace       used 40366K, committed 40704K, reserved 1089536K
  class space    used 5354K, committed 5504K, reserved 1048576K
}
Event: 4.375 GC heap after
{Heap after GC invocations=11 (full 0):
 garbage-first heap   total 68608K, used 27375K [0x0000000080000000, 0x0000000100000000)
  region size 1024K, 4 young (4096K), 4 survivors (4096K)
 Metaspace       used 40366K, committed 40704K, reserved 1089536K
  class space    used 5354K, committed 5504K, reserved 1048576K
}
Event: 4.562 GC heap before
{Heap before GC invocations=11 (full 0):
 garbage-first heap   total 68608K, used 49903K [0x0000000080000000, 0x0000000100000000)
  region size 1024K, 24 young (24576K), 4 survivors (4096K)
 Metaspace       used 42279K, committed 42624K, reserved 1089536K
  class space    used 5520K, committed 5632K, reserved 1048576K
}
Event: 4.565 GC heap after
{Heap after GC invocations=12 (full 0):
 garbage-first heap   total 91136K, used 28885K [0x0000000080000000, 0x0000000100000000)
  region size 1024K, 3 young (3072K), 3 survivors (3072K)
 Metaspace       used 42279K, committed 42624K, reserved 1089536K
  class space    used 5520K, committed 5632K, reserved 1048576K
}
Event: 5.052 GC heap before
{Heap before GC invocations=12 (full 0):
 garbage-first heap   total 91136K, used 64725K [0x0000000080000000, 0x0000000100000000)
  region size 1024K, 38 young (38912K), 3 survivors (3072K)
 Metaspace       used 46077K, committed 46528K, reserved 1089536K
  class space    used 6056K, committed 6272K, reserved 1048576K
}
Event: 5.055 GC heap after
{Heap after GC invocations=13 (full 0):
 garbage-first heap   total 91136K, used 30723K [0x0000000080000000, 0x0000000100000000)
  region size 1024K, 5 young (5120K), 5 survivors (5120K)
 Metaspace       used 46077K, committed 46528K, reserved 1089536K
  class space    used 6056K, committed 6272K, reserved 1048576K
}
Event: 5.725 GC heap before
{Heap before GC invocations=13 (full 0):
 garbage-first heap   total 91136K, used 66563K [0x0000000080000000, 0x0000000100000000)
  region size 1024K, 40 young (40960K), 5 survivors (5120K)
 Metaspace       used 50960K, committed 51456K, reserved 1097728K
  class space    used 6833K, committed 7040K, reserved 1048576K
}
Event: 5.729 GC heap after
{Heap after GC invocations=14 (full 0):
 garbage-first heap   total 91136K, used 32894K [0x0000000080000000, 0x0000000100000000)
  region size 1024K, 5 young (5120K), 5 survivors (5120K)
 Metaspace       used 50960K, committed 51456K, reserved 1097728K
  class space    used 6833K, committed 7040K, reserved 1048576K
}
Event: 6.443 GC heap before
{Heap before GC invocations=14 (full 0):
 garbage-first heap   total 91136K, used 68734K [0x0000000080000000, 0x0000000100000000)
  region size 1024K, 40 young (40960K), 5 survivors (5120K)
 Metaspace       used 53083K, committed 53504K, reserved 1097728K
  class space    used 7089K, committed 7296K, reserved 1048576K
}
Event: 6.448 GC heap after
{Heap after GC invocations=15 (full 0):
 garbage-first heap   total 91136K, used 36707K [0x0000000080000000, 0x0000000100000000)
  region size 1024K, 5 young (5120K), 5 survivors (5120K)
 Metaspace       used 53083K, committed 53504K, reserved 1097728K
  class space    used 7089K, committed 7296K, reserved 1048576K
}
Event: 6.757 GC heap before
{Heap before GC invocations=15 (full 0):
 garbage-first heap   total 91136K, used 64355K [0x0000000080000000, 0x0000000100000000)
  region size 1024K, 24 young (24576K), 5 survivors (5120K)
 Metaspace       used 53550K, committed 54016K, reserved 1097728K
  class space    used 7143K, committed 7360K, reserved 1048576K
}
Event: 6.761 GC heap after
{Heap after GC invocations=16 (full 0):
 garbage-first heap   total 91136K, used 51921K [0x0000000080000000, 0x0000000100000000)
  region size 1024K, 5 young (5120K), 5 survivors (5120K)
 Metaspace       used 53550K, committed 54016K, reserved 1097728K
  class space    used 7143K, committed 7360K, reserved 1048576K
}
Event: 7.085 GC heap before
{Heap before GC invocations=17 (full 0):
 garbage-first heap   total 91136K, used 71377K [0x0000000080000000, 0x0000000100000000)
  region size 1024K, 23 young (23552K), 5 survivors (5120K)
 Metaspace       used 55704K, committed 56192K, reserved 1097728K
  class space    used 7444K, committed 7680K, reserved 1048576K
}
Event: 7.088 GC heap after
{Heap after GC invocations=18 (full 0):
 garbage-first heap   total 91136K, used 54543K [0x0000000080000000, 0x0000000100000000)
  region size 1024K, 3 young (3072K), 3 survivors (3072K)
 Metaspace       used 55704K, committed 56192K, reserved 1097728K
  class space    used 7444K, committed 7680K, reserved 1048576K
}
Event: 7.372 GC heap before
{Heap before GC invocations=18 (full 0):
 garbage-first heap   total 91136K, used 70927K [0x0000000080000000, 0x0000000100000000)
  region size 1024K, 19 young (19456K), 3 survivors (3072K)
 Metaspace       used 58426K, committed 58944K, reserved 1105920K
  class space    used 7766K, committed 8000K, reserved 1048576K
}
Event: 7.375 GC heap after
{Heap after GC invocations=19 (full 0):
 garbage-first heap   total 91136K, used 55272K [0x0000000080000000, 0x0000000100000000)
  region size 1024K, 1 young (1024K), 1 survivors (1024K)
 Metaspace       used 58426K, committed 58944K, reserved 1105920K
  class space    used 7766K, committed 8000K, reserved 1048576K
}
Event: 7.722 GC heap before
{Heap before GC invocations=20 (full 0):
 garbage-first heap   total 96256K, used 71656K [0x0000000080000000, 0x0000000100000000)
  region size 1024K, 18 young (18432K), 1 survivors (1024K)
 Metaspace       used 61107K, committed 61632K, reserved 1105920K
  class space    used 8064K, committed 8320K, reserved 1048576K
}
Event: 7.724 GC heap after
{Heap after GC invocations=21 (full 0):
 garbage-first heap   total 96256K, used 55980K [0x0000000080000000, 0x0000000100000000)
  region size 1024K, 2 young (2048K), 2 survivors (2048K)
 Metaspace       used 61107K, committed 61632K, reserved 1105920K
  class space    used 8064K, committed 8320K, reserved 1048576K
}
Event: 7.755 GC heap before
{Heap before GC invocations=21 (full 0):
 garbage-first heap   total 96256K, used 58028K [0x0000000080000000, 0x0000000100000000)
  region size 1024K, 4 young (4096K), 2 survivors (2048K)
 Metaspace       used 61417K, committed 61952K, reserved 1105920K
  class space    used 8127K, committed 8384K, reserved 1048576K
}
Event: 7.757 GC heap after
{Heap after GC invocations=22 (full 0):
 garbage-first heap   total 96256K, used 55382K [0x0000000080000000, 0x0000000100000000)
  region size 1024K, 1 young (1024K), 1 survivors (1024K)
 Metaspace       used 61417K, committed 61952K, reserved 1105920K
  class space    used 8127K, committed 8384K, reserved 1048576K
}

