# JRE version: OpenJDK Runtime Environment (17.0.6) (build 17.0.6+0-b2043.56-10027231)
# Java VM: OpenJDK 64-Bit Server VM (17.0.6+0-b2043.56-10027231, mixed mode, tiered, compressed oops, compressed class ptrs, g1 gc, windows-amd64)
GC Precious Log:
 CPUs: 8 total, 8 available
 Memory: 7502M
 Large Page Support: Disabled
 NUMA Support: Disabled
 Compressed Oops: Enabled (32-bit)
 Heap Region Size: 1M
 Heap Min Capacity: 8M
 Heap Initial Capacity: 118M
 Heap Max Capacity: 2G
 Pre-touch: Disabled
 Parallel Workers: 8
 Concurrent Workers: 2
 Concurrent Refinement Workers: 8
 Periodic GC: Disabled
Heap:
 garbage-first heap   total 409600K, used 244223K [0x0000000080000000, 0x0000000100000000)
  region size 1024K, 3 young (3072K), 3 survivors (3072K)
 Metaspace       used 132820K, committed 133696K, reserved 1171456K
  class space    used 17463K, committed 17856K, reserved 1048576K
GC Heap History (20 events):
Event: 37.103 GC heap after
{Heap after GC invocations=52 (full 0):
 garbage-first heap   total 253952K, used 178426K [0x0000000080000000, 0x0000000100000000)
  region size 1024K, 6 young (6144K), 6 survivors (6144K)
 Metaspace       used 123768K, committed 124672K, reserved 1163264K
  class space    used 16066K, committed 16512K, reserved 1048576K
}
Event: 37.805 GC heap before
{Heap before GC invocations=52 (full 0):
 garbage-first heap   total 253952K, used 215290K [0x0000000080000000, 0x0000000100000000)
  region size 1024K, 43 young (44032K), 6 survivors (6144K)
 Metaspace       used 125014K, committed 125888K, reserved 1163264K
  class space    used 16215K, committed 16640K, reserved 1048576K
}
Event: 37.814 GC heap after
{Heap after GC invocations=53 (full 0):
 garbage-first heap   total 253952K, used 182824K [0x0000000080000000, 0x0000000100000000)
  region size 1024K, 5 young (5120K), 5 survivors (5120K)
 Metaspace       used 125014K, committed 125888K, reserved 1163264K
  class space    used 16215K, committed 16640K, reserved 1048576K
}
Event: 38.439 GC heap before
{Heap before GC invocations=53 (full 0):
 garbage-first heap   total 253952K, used 215592K [0x0000000080000000, 0x0000000100000000)
  region size 1024K, 38 young (38912K), 5 survivors (5120K)
 Metaspace       used 125616K, committed 126464K, reserved 1163264K
  class space    used 16284K, committed 16704K, reserved 1048576K
}
Event: 38.449 GC heap after
{Heap after GC invocations=54 (full 0):
 garbage-first heap   total 253952K, used 186721K [0x0000000080000000, 0x0000000100000000)
  region size 1024K, 4 young (4096K), 4 survivors (4096K)
 Metaspace       used 125616K, committed 126464K, reserved 1163264K
  class space    used 16284K, committed 16704K, reserved 1048576K
}
Event: 38.712 GC heap before
{Heap before GC invocations=54 (full 0):
 garbage-first heap   total 253952K, used 216417K [0x0000000080000000, 0x0000000100000000)
  region size 1024K, 34 young (34816K), 4 survivors (4096K)
 Metaspace       used 125686K, committed 126528K, reserved 1163264K
  class space    used 16292K, committed 16704K, reserved 1048576K
}
Event: 38.720 GC heap after
{Heap after GC invocations=55 (full 0):
 garbage-first heap   total 253952K, used 189629K [0x0000000080000000, 0x0000000100000000)
  region size 1024K, 4 young (4096K), 4 survivors (4096K)
 Metaspace       used 125686K, committed 126528K, reserved 1163264K
  class space    used 16292K, committed 16704K, reserved 1048576K
}
Event: 38.918 GC heap before
{Heap before GC invocations=55 (full 0):
 garbage-first heap   total 253952K, used 217277K [0x0000000080000000, 0x0000000100000000)
  region size 1024K, 32 young (32768K), 4 survivors (4096K)
 Metaspace       used 125792K, committed 126720K, reserved 1163264K
  class space    used 16312K, committed 16768K, reserved 1048576K
}
Event: 38.925 GC heap after
{Heap after GC invocations=56 (full 0):
 garbage-first heap   total 324608K, used 191292K [0x0000000080000000, 0x0000000100000000)
  region size 1024K, 3 young (3072K), 3 survivors (3072K)
 Metaspace       used 125792K, committed 126720K, reserved 1163264K
  class space    used 16312K, committed 16768K, reserved 1048576K
}
Event: 40.013 GC heap before
{Heap before GC invocations=56 (full 0):
 garbage-first heap   total 324608K, used 279356K [0x0000000080000000, 0x0000000100000000)
  region size 1024K, 79 young (80896K), 3 survivors (3072K)
 Metaspace       used 129639K, committed 130560K, reserved 1163264K
  class space    used 16843K, committed 17280K, reserved 1048576K
}
Event: 40.022 GC heap after
{Heap after GC invocations=57 (full 0):
 garbage-first heap   total 324608K, used 211948K [0x0000000080000000, 0x0000000100000000)
  region size 1024K, 10 young (10240K), 10 survivors (10240K)
 Metaspace       used 129639K, committed 130560K, reserved 1163264K
  class space    used 16843K, committed 17280K, reserved 1048576K
}
Event: 40.056 GC heap before
{Heap before GC invocations=57 (full 0):
 garbage-first heap   total 324608K, used 243692K [0x0000000080000000, 0x0000000100000000)
  region size 1024K, 24 young (24576K), 10 survivors (10240K)
 Metaspace       used 129806K, committed 130688K, reserved 1163264K
  class space    used 16863K, committed 17280K, reserved 1048576K
}
Event: 40.062 GC heap after
{Heap after GC invocations=58 (full 0):
 garbage-first heap   total 324608K, used 226392K [0x0000000080000000, 0x0000000100000000)
  region size 1024K, 7 young (7168K), 7 survivors (7168K)
 Metaspace       used 129806K, committed 130688K, reserved 1163264K
  class space    used 16863K, committed 17280K, reserved 1048576K
}
Event: 40.445 GC heap before
{Heap before GC invocations=58 (full 0):
 garbage-first heap   total 324608K, used 268376K [0x0000000080000000, 0x0000000100000000)
  region size 1024K, 41 young (41984K), 7 survivors (7168K)
 Metaspace       used 130140K, committed 131072K, reserved 1163264K
  class space    used 16910K, committed 17344K, reserved 1048576K
}
Event: 40.461 GC heap after
{Heap after GC invocations=59 (full 0):
 garbage-first heap   total 324608K, used 241450K [0x0000000080000000, 0x0000000100000000)
  region size 1024K, 7 young (7168K), 7 survivors (7168K)
 Metaspace       used 130140K, committed 131072K, reserved 1163264K
  class space    used 16910K, committed 17344K, reserved 1048576K
}
Event: 40.784 GC heap before
{Heap before GC invocations=59 (full 0):
 garbage-first heap   total 409600K, used 247594K [0x0000000080000000, 0x0000000100000000)
  region size 1024K, 32 young (32768K), 7 survivors (7168K)
 Metaspace       used 130644K, committed 131456K, reserved 1171456K
  class space    used 17006K, committed 17408K, reserved 1048576K
}
Event: 40.804 GC heap after
{Heap after GC invocations=60 (full 0):
 garbage-first heap   total 409600K, used 231586K [0x0000000080000000, 0x0000000100000000)
  region size 1024K, 4 young (4096K), 4 survivors (4096K)
 Metaspace       used 130644K, committed 131456K, reserved 1171456K
  class space    used 17006K, committed 17408K, reserved 1048576K
}
Event: 41.400 GC heap before
{Heap before GC invocations=61 (full 0):
 garbage-first heap   total 409600K, used 319650K [0x0000000080000000, 0x0000000100000000)
  region size 1024K, 91 young (93184K), 4 survivors (4096K)
 Metaspace       used 132819K, committed 133696K, reserved 1171456K
  class space    used 17463K, committed 17856K, reserved 1048576K
}
Event: 41.449 GC heap after
{Heap after GC invocations=62 (full 0):
 garbage-first heap   total 409600K, used 273238K [0x0000000080000000, 0x0000000100000000)
  region size 1024K, 12 young (12288K), 12 survivors (12288K)
 Metaspace       used 132819K, committed 133696K, reserved 1171456K
  class space    used 17463K, committed 17856K, reserved 1048576K
}
Event: 41.501 GC heap before
{Heap before GC invocations=62 (full 0):
 garbage-first heap   total 409600K, used 280406K [0x0000000080000000, 0x0000000100000000)
  region size 1024K, 20 young (20480K), 12 survivors (12288K)
 Metaspace       used 132820K, committed 133696K, reserved 1171456K
  class space    used 17463K, committed 17856K, reserved 1048576K
}

