# JRE version: OpenJDK Runtime Environment (17.0.6) (build 17.0.6+0-b2043.56-10027231)
# Java VM: OpenJDK 64-Bit Server VM (17.0.6+0-b2043.56-10027231, mixed mode, tiered, compressed oops, compressed class ptrs, g1 gc, windows-amd64)
GC Precious Log:
 CPUs: 8 total, 8 available
 Memory: 7502M
 Large Page Support: Disabled
 NUMA Support: Disabled
 Compressed Oops: Enabled (32-bit)
 Heap Region Size: 1M
 Heap Min Capacity: 8M
 Heap Initial Capacity: 118M
 Heap Max Capacity: 2G
 Pre-touch: Disabled
 Parallel Workers: 8
 Concurrent Workers: 2
 Concurrent Refinement Workers: 8
 Periodic GC: Disabled
Heap:
 garbage-first heap   total 310272K, used 261632K [0x0000000080000000, 0x0000000100000000)
  region size 1024K, 2 young (2048K), 2 survivors (2048K)
 Metaspace       used 130257K, committed 131008K, reserved 1163264K
  class space    used 17120K, committed 17472K, reserved 1048576K
GC Heap History (20 events):
Event: 12.255 GC heap after
{Heap after GC invocations=34 (full 0):
 garbage-first heap   total 150528K, used 87460K [0x0000000080000000, 0x0000000100000000)
  region size 1024K, 6 young (6144K), 6 survivors (6144K)
 Metaspace       used 96480K, committed 97152K, reserved 1138688K
  class space    used 13150K, committed 13440K, reserved 1048576K
}
Event: 12.263 GC heap before
{Heap before GC invocations=34 (full 0):
 garbage-first heap   total 150528K, used 88484K [0x0000000080000000, 0x0000000100000000)
  region size 1024K, 7 young (7168K), 6 survivors (6144K)
 Metaspace       used 96480K, committed 97152K, reserved 1138688K
  class space    used 13150K, committed 13440K, reserved 1048576K
}
Event: 12.270 GC heap after
{Heap after GC invocations=35 (full 0):
 garbage-first heap   total 301056K, used 87731K [0x0000000080000000, 0x0000000100000000)
  region size 1024K, 1 young (1024K), 1 survivors (1024K)
 Metaspace       used 96480K, committed 97152K, reserved 1138688K
  class space    used 13150K, committed 13440K, reserved 1048576K
}
Event: 13.609 GC heap before
{Heap before GC invocations=35 (full 0):
 garbage-first heap   total 301056K, used 225971K [0x0000000080000000, 0x0000000100000000)
  region size 1024K, 136 young (139264K), 1 survivors (1024K)
 Metaspace       used 100581K, committed 101312K, reserved 1138688K
  class space    used 13659K, committed 14016K, reserved 1048576K
}
Event: 13.623 GC heap after
{Heap after GC invocations=36 (full 0):
 garbage-first heap   total 301056K, used 104218K [0x0000000080000000, 0x0000000100000000)
  region size 1024K, 17 young (17408K), 17 survivors (17408K)
 Metaspace       used 100581K, committed 101312K, reserved 1138688K
  class space    used 13659K, committed 14016K, reserved 1048576K
}
Event: 14.600 GC heap before
{Heap before GC invocations=36 (full 0):
 garbage-first heap   total 301056K, used 215834K [0x0000000080000000, 0x0000000100000000)
  region size 1024K, 127 young (130048K), 17 survivors (17408K)
 Metaspace       used 101321K, committed 102016K, reserved 1138688K
  class space    used 13710K, committed 14080K, reserved 1048576K
}
Event: 14.617 GC heap after
{Heap after GC invocations=37 (full 0):
 garbage-first heap   total 301056K, used 112687K [0x0000000080000000, 0x0000000100000000)
  region size 1024K, 11 young (11264K), 11 survivors (11264K)
 Metaspace       used 101321K, committed 102016K, reserved 1138688K
  class space    used 13710K, committed 14080K, reserved 1048576K
}
Event: 15.599 GC heap before
{Heap before GC invocations=37 (full 0):
 garbage-first heap   total 301056K, used 226351K [0x0000000080000000, 0x0000000100000000)
  region size 1024K, 121 young (123904K), 11 survivors (11264K)
 Metaspace       used 103237K, committed 104000K, reserved 1146880K
  class space    used 13995K, committed 14336K, reserved 1048576K
}
Event: 15.611 GC heap after
{Heap after GC invocations=38 (full 0):
 garbage-first heap   total 301056K, used 119096K [0x0000000080000000, 0x0000000100000000)
  region size 1024K, 10 young (10240K), 10 survivors (10240K)
 Metaspace       used 103237K, committed 104000K, reserved 1146880K
  class space    used 13995K, committed 14336K, reserved 1048576K
}
Event: 16.705 GC heap before
{Heap before GC invocations=38 (full 0):
 garbage-first heap   total 301056K, used 236856K [0x0000000080000000, 0x0000000100000000)
  region size 1024K, 121 young (123904K), 10 survivors (10240K)
 Metaspace       used 110877K, committed 111552K, reserved 1146880K
  class space    used 14796K, committed 15104K, reserved 1048576K
}
Event: 16.715 GC heap after
{Heap after GC invocations=39 (full 0):
 garbage-first heap   total 301056K, used 126368K [0x0000000080000000, 0x0000000100000000)
  region size 1024K, 11 young (11264K), 11 survivors (11264K)
 Metaspace       used 110877K, committed 111552K, reserved 1146880K
  class space    used 14796K, committed 15104K, reserved 1048576K
}
Event: 18.386 GC heap before
{Heap before GC invocations=39 (full 0):
 garbage-first heap   total 301056K, used 244128K [0x0000000080000000, 0x0000000100000000)
  region size 1024K, 119 young (121856K), 11 survivors (11264K)
 Metaspace       used 124041K, committed 124864K, reserved 1163264K
  class space    used 16303K, committed 16704K, reserved 1048576K
}
Event: 18.403 GC heap after
{Heap after GC invocations=40 (full 0):
 garbage-first heap   total 301056K, used 147813K [0x0000000080000000, 0x0000000100000000)
  region size 1024K, 15 young (15360K), 15 survivors (15360K)
 Metaspace       used 124041K, committed 124864K, reserved 1163264K
  class space    used 16303K, committed 16704K, reserved 1048576K
}
Event: 19.296 GC heap before
{Heap before GC invocations=40 (full 0):
 garbage-first heap   total 301056K, used 242021K [0x0000000080000000, 0x0000000100000000)
  region size 1024K, 107 young (109568K), 15 survivors (15360K)
 Metaspace       used 129861K, committed 130688K, reserved 1163264K
  class space    used 17093K, committed 17472K, reserved 1048576K
}
Event: 19.325 GC heap after
{Heap after GC invocations=41 (full 0):
 garbage-first heap   total 310272K, used 200704K [0x0000000080000000, 0x0000000100000000)
  region size 1024K, 14 young (14336K), 14 survivors (14336K)
 Metaspace       used 129861K, committed 130688K, reserved 1163264K
  class space    used 17093K, committed 17472K, reserved 1048576K
}
Event: 19.587 GC heap before
{Heap before GC invocations=41 (full 0):
 garbage-first heap   total 310272K, used 242688K [0x0000000080000000, 0x0000000100000000)
  region size 1024K, 55 young (56320K), 14 survivors (14336K)
 Metaspace       used 130255K, committed 131008K, reserved 1163264K
  class space    used 17120K, committed 17472K, reserved 1048576K
}
Event: 19.606 GC heap after
{Heap after GC invocations=42 (full 0):
 garbage-first heap   total 310272K, used 229888K [0x0000000080000000, 0x0000000100000000)
  region size 1024K, 7 young (7168K), 7 survivors (7168K)
 Metaspace       used 130255K, committed 131008K, reserved 1163264K
  class space    used 17120K, committed 17472K, reserved 1048576K
}
Event: 19.644 GC heap before
{Heap before GC invocations=42 (full 0):
 garbage-first heap   total 310272K, used 249344K [0x0000000080000000, 0x0000000100000000)
  region size 1024K, 26 young (26624K), 7 survivors (7168K)
 Metaspace       used 130255K, committed 131008K, reserved 1163264K
  class space    used 17120K, committed 17472K, reserved 1048576K
}
Event: 19.655 GC heap after
{Heap after GC invocations=43 (full 0):
 garbage-first heap   total 310272K, used 251392K [0x0000000080000000, 0x0000000100000000)
  region size 1024K, 4 young (4096K), 4 survivors (4096K)
 Metaspace       used 130255K, committed 131008K, reserved 1163264K
  class space    used 17120K, committed 17472K, reserved 1048576K
}
Event: 19.694 GC heap before
{Heap before GC invocations=43 (full 0):
 garbage-first heap   total 310272K, used 262656K [0x0000000080000000, 0x0000000100000000)
  region size 1024K, 15 young (15360K), 4 survivors (4096K)
 Metaspace       used 130257K, committed 131008K, reserved 1163264K
  class space    used 17120K, committed 17472K, reserved 1048576K
}

