# JRE version: OpenJDK Runtime Environment (17.0.6) (build 17.0.6+0-b2043.56-10027231)
# Java VM: OpenJDK 64-Bit Server VM (17.0.6+0-b2043.56-10027231, mixed mode, tiered, compressed oops, compressed class ptrs, g1 gc, windows-amd64)
GC Precious Log:
 CPUs: 8 total, 8 available
 Memory: 7502M
 Large Page Support: Disabled
 NUMA Support: Disabled
 Compressed Oops: Enabled (32-bit)
 Heap Region Size: 1M
 Heap Min Capacity: 8M
 Heap Initial Capacity: 118M
 Heap Max Capacity: 2G
 Pre-touch: Disabled
 Parallel Workers: 8
 Concurrent Workers: 2
 Concurrent Refinement Workers: 8
 Periodic GC: Disabled
Heap:
 garbage-first heap   total 120832K, used 67424K [0x0000000080000000, 0x0000000100000000)
  region size 1024K, 2 young (2048K), 2 survivors (2048K)
 Metaspace       used 66910K, committed 67520K, reserved 1114112K
  class space    used 8843K, committed 9152K, reserved 1048576K
GC Heap History (20 events):
Event: 11.551 GC heap after
{Heap after GC invocations=14 (full 0):
 garbage-first heap   total 71680K, used 36923K [0x0000000080000000, 0x0000000100000000)
  region size 1024K, 4 young (4096K), 4 survivors (4096K)
 Metaspace       used 53084K, committed 53504K, reserved 1097728K
  class space    used 7096K, committed 7296K, reserved 1048576K
}
Event: 11.991 GC heap before
{Heap before GC invocations=15 (full 0):
 garbage-first heap   total 71680K, used 50235K [0x0000000080000000, 0x0000000100000000)
  region size 1024K, 19 young (19456K), 4 survivors (4096K)
 Metaspace       used 53418K, committed 53888K, reserved 1097728K
  class space    used 7137K, committed 7360K, reserved 1048576K
}
Event: 11.996 GC heap after
{Heap after GC invocations=16 (full 0):
 garbage-first heap   total 71680K, used 38636K [0x0000000080000000, 0x0000000100000000)
  region size 1024K, 3 young (3072K), 3 survivors (3072K)
 Metaspace       used 53418K, committed 53888K, reserved 1097728K
  class space    used 7137K, committed 7360K, reserved 1048576K
}
Event: 12.092 GC heap before
{Heap before GC invocations=17 (full 0):
 garbage-first heap   total 76800K, used 46828K [0x0000000080000000, 0x0000000100000000)
  region size 1024K, 8 young (8192K), 3 survivors (3072K)
 Metaspace       used 53477K, committed 53952K, reserved 1097728K
  class space    used 7144K, committed 7360K, reserved 1048576K
}
Event: 12.096 GC heap after
{Heap after GC invocations=18 (full 0):
 garbage-first heap   total 92160K, used 47099K [0x0000000080000000, 0x0000000100000000)
  region size 1024K, 3 young (3072K), 3 survivors (3072K)
 Metaspace       used 53477K, committed 53952K, reserved 1097728K
  class space    used 7144K, committed 7360K, reserved 1048576K
}
Event: 12.421 GC heap before
{Heap before GC invocations=19 (full 0):
 garbage-first heap   total 94208K, used 67579K [0x0000000080000000, 0x0000000100000000)
  region size 1024K, 19 young (19456K), 3 survivors (3072K)
 Metaspace       used 55133K, committed 55616K, reserved 1097728K
  class space    used 7358K, committed 7552K, reserved 1048576K
}
Event: 12.425 GC heap after
{Heap after GC invocations=20 (full 0):
 garbage-first heap   total 94208K, used 54845K [0x0000000080000000, 0x0000000100000000)
  region size 1024K, 3 young (3072K), 3 survivors (3072K)
 Metaspace       used 55133K, committed 55616K, reserved 1097728K
  class space    used 7358K, committed 7552K, reserved 1048576K
}
Event: 12.791 GC heap before
{Heap before GC invocations=20 (full 0):
 garbage-first heap   total 94208K, used 67133K [0x0000000080000000, 0x0000000100000000)
  region size 1024K, 16 young (16384K), 3 survivors (3072K)
 Metaspace       used 56974K, committed 57536K, reserved 1105920K
  class space    used 7625K, committed 7872K, reserved 1048576K
}
Event: 12.794 GC heap after
{Heap after GC invocations=21 (full 0):
 garbage-first heap   total 94208K, used 55773K [0x0000000080000000, 0x0000000100000000)
  region size 1024K, 1 young (1024K), 1 survivors (1024K)
 Metaspace       used 56974K, committed 57536K, reserved 1105920K
  class space    used 7625K, committed 7872K, reserved 1048576K
}
Event: 13.169 GC heap before
{Heap before GC invocations=22 (full 0):
 garbage-first heap   total 99328K, used 70109K [0x0000000080000000, 0x0000000100000000)
  region size 1024K, 15 young (15360K), 1 survivors (1024K)
 Metaspace       used 59600K, committed 60096K, reserved 1105920K
  class space    used 7895K, committed 8128K, reserved 1048576K
}
Event: 13.172 GC heap after
{Heap after GC invocations=23 (full 0):
 garbage-first heap   total 99328K, used 56140K [0x0000000080000000, 0x0000000100000000)
  region size 1024K, 1 young (1024K), 1 survivors (1024K)
 Metaspace       used 59600K, committed 60096K, reserved 1105920K
  class space    used 7895K, committed 8128K, reserved 1048576K
}
Event: 13.257 GC heap before
{Heap before GC invocations=23 (full 0):
 garbage-first heap   total 99328K, used 58188K [0x0000000080000000, 0x0000000100000000)
  region size 1024K, 4 young (4096K), 1 survivors (1024K)
 Metaspace       used 60211K, committed 60736K, reserved 1105920K
  class space    used 7951K, committed 8192K, reserved 1048576K
}
Event: 13.260 GC heap after
{Heap after GC invocations=24 (full 0):
 garbage-first heap   total 99328K, used 56269K [0x0000000080000000, 0x0000000100000000)
  region size 1024K, 1 young (1024K), 1 survivors (1024K)
 Metaspace       used 60211K, committed 60736K, reserved 1105920K
  class space    used 7951K, committed 8192K, reserved 1048576K
}
Event: 13.909 GC heap before
{Heap before GC invocations=24 (full 0):
 garbage-first heap   total 99328K, used 74701K [0x0000000080000000, 0x0000000100000000)
  region size 1024K, 19 young (19456K), 1 survivors (1024K)
 Metaspace       used 63434K, committed 64000K, reserved 1105920K
  class space    used 8406K, committed 8640K, reserved 1048576K
}
Event: 13.914 GC heap after
{Heap after GC invocations=25 (full 0):
 garbage-first heap   total 99328K, used 57351K [0x0000000080000000, 0x0000000100000000)
  region size 1024K, 2 young (2048K), 2 survivors (2048K)
 Metaspace       used 63434K, committed 64000K, reserved 1105920K
  class space    used 8406K, committed 8640K, reserved 1048576K
}
Event: 14.323 GC heap before
{Heap before GC invocations=26 (full 0):
 garbage-first heap   total 101376K, used 82951K [0x0000000080000000, 0x0000000100000000)
  region size 1024K, 21 young (21504K), 2 survivors (2048K)
 Metaspace       used 65347K, committed 65920K, reserved 1105920K
  class space    used 8635K, committed 8896K, reserved 1048576K
}
Event: 14.330 GC heap after
{Heap after GC invocations=27 (full 0):
 garbage-first heap   total 101376K, used 65978K [0x0000000080000000, 0x0000000100000000)
  region size 1024K, 3 young (3072K), 3 survivors (3072K)
 Metaspace       used 65347K, committed 65920K, reserved 1105920K
  class space    used 8635K, committed 8896K, reserved 1048576K
}
Event: 14.334 GC heap before
{Heap before GC invocations=27 (full 0):
 garbage-first heap   total 101376K, used 67002K [0x0000000080000000, 0x0000000100000000)
  region size 1024K, 4 young (4096K), 3 survivors (3072K)
 Metaspace       used 65347K, committed 65920K, reserved 1105920K
  class space    used 8635K, committed 8896K, reserved 1048576K
}
Event: 14.339 GC heap after
{Heap after GC invocations=28 (full 0):
 garbage-first heap   total 101376K, used 66270K [0x0000000080000000, 0x0000000100000000)
  region size 1024K, 1 young (1024K), 1 survivors (1024K)
 Metaspace       used 65347K, committed 65920K, reserved 1105920K
  class space    used 8635K, committed 8896K, reserved 1048576K
}
Event: 14.773 GC heap before
{Heap before GC invocations=28 (full 0):
 garbage-first heap   total 101376K, used 80606K [0x0000000080000000, 0x0000000100000000)
  region size 1024K, 15 young (15360K), 1 survivors (1024K)
 Metaspace       used 66910K, committed 67520K, reserved 1114112K
  class space    used 8843K, committed 9152K, reserved 1048576K
}

