# JRE version: OpenJDK Runtime Environment (17.0.6) (build 17.0.6+0-b2043.56-10027231)
# Java VM: OpenJDK 64-Bit Server VM (17.0.6+0-b2043.56-10027231, mixed mode, tiered, compressed oops, compressed class ptrs, g1 gc, windows-amd64)
GC Precious Log:
 CPUs: 8 total, 8 available
 Memory: 7502M
 Large Page Support: Disabled
 NUMA Support: Disabled
 Compressed Oops: Enabled (32-bit)
 Heap Region Size: 1M
 Heap Min Capacity: 8M
 Heap Initial Capacity: 118M
 Heap Max Capacity: 2G
 Pre-touch: Disabled
 Parallel Workers: 8
 Concurrent Workers: 2
 Concurrent Refinement Workers: 8
 Periodic GC: Disabled
Heap:
 garbage-first heap   total 430080K, used 197612K [0x0000000080000000, 0x0000000100000000)
  region size 1024K, 42 young (43008K), 2 survivors (2048K)
 Metaspace       used 247661K, committed 249408K, reserved 1269760K
  class space    used 31446K, committed 32256K, reserved 1048576K
GC Heap History (20 events):
Event: 2369.390 GC heap before
{Heap before GC invocations=117 (full 0):
 garbage-first heap   total 737280K, used 280402K [0x0000000080000000, 0x0000000100000000)
  region size 1024K, 41 young (41984K), 40 survivors (40960K)
 Metaspace       used 228689K, committed 230592K, reserved 1253376K
  class space    used 29269K, committed 30144K, reserved 1048576K
}
Event: 2369.432 GC heap after
{Heap after GC invocations=118 (full 0):
 garbage-first heap   total 737280K, used 279040K [0x0000000080000000, 0x0000000100000000)
  region size 1024K, 4 young (4096K), 4 survivors (4096K)
 Metaspace       used 228689K, committed 230592K, reserved 1253376K
  class space    used 29269K, committed 30144K, reserved 1048576K
}
Event: 2458.346 GC heap before
{Heap before GC invocations=118 (full 0):
 garbage-first heap   total 737280K, used 503296K [0x0000000080000000, 0x0000000100000000)
  region size 1024K, 224 young (229376K), 4 survivors (4096K)
 Metaspace       used 229003K, committed 230848K, reserved 1253376K
  class space    used 29291K, committed 30144K, reserved 1048576K
}
Event: 2458.406 GC heap after
{Heap after GC invocations=119 (full 0):
 garbage-first heap   total 737280K, used 321536K [0x0000000080000000, 0x0000000100000000)
  region size 1024K, 28 young (28672K), 28 survivors (28672K)
 Metaspace       used 229003K, committed 230848K, reserved 1253376K
  class space    used 29291K, committed 30144K, reserved 1048576K
}
Event: 2462.846 GC heap before
{Heap before GC invocations=120 (full 0):
 garbage-first heap   total 737280K, used 518144K [0x0000000080000000, 0x0000000100000000)
  region size 1024K, 227 young (232448K), 28 survivors (28672K)
 Metaspace       used 235917K, committed 237760K, reserved 1261568K
  class space    used 30099K, committed 30976K, reserved 1048576K
}
Event: 2463.188 GC heap after
{Heap after GC invocations=121 (full 0):
 garbage-first heap   total 737280K, used 380416K [0x0000000080000000, 0x0000000100000000)
  region size 1024K, 29 young (29696K), 29 survivors (29696K)
 Metaspace       used 235917K, committed 237760K, reserved 1261568K
  class space    used 30099K, committed 30976K, reserved 1048576K
}
Event: 2463.221 GC heap before
{Heap before GC invocations=121 (full 0):
 garbage-first heap   total 737280K, used 386560K [0x0000000080000000, 0x0000000100000000)
  region size 1024K, 36 young (36864K), 29 survivors (29696K)
 Metaspace       used 235917K, committed 237760K, reserved 1261568K
  class space    used 30099K, committed 30976K, reserved 1048576K
}
Event: 2463.340 GC heap after
{Heap after GC invocations=122 (full 0):
 garbage-first heap   total 737280K, used 334336K [0x0000000080000000, 0x0000000100000000)
  region size 1024K, 5 young (5120K), 5 survivors (5120K)
 Metaspace       used 235917K, committed 237760K, reserved 1261568K
  class space    used 30099K, committed 30976K, reserved 1048576K
}
Event: 2463.417 GC heap before
{Heap before GC invocations=122 (full 0):
 garbage-first heap   total 737280K, used 366080K [0x0000000080000000, 0x0000000100000000)
  region size 1024K, 36 young (36864K), 5 survivors (5120K)
 Metaspace       used 235917K, committed 237760K, reserved 1261568K
  class space    used 30099K, committed 30976K, reserved 1048576K
}
Event: 2463.602 GC heap after
{Heap after GC invocations=123 (full 0):
 garbage-first heap   total 737280K, used 360448K [0x0000000080000000, 0x0000000100000000)
  region size 1024K, 5 young (5120K), 5 survivors (5120K)
 Metaspace       used 235917K, committed 237760K, reserved 1261568K
  class space    used 30099K, committed 30976K, reserved 1048576K
}
Event: 2465.680 GC heap before
{Heap before GC invocations=123 (full 0):
 garbage-first heap   total 737280K, used 451584K [0x0000000080000000, 0x0000000100000000)
  region size 1024K, 95 young (97280K), 5 survivors (5120K)
 Metaspace       used 236009K, committed 237888K, reserved 1261568K
  class space    used 30100K, committed 30976K, reserved 1048576K
}
Event: 2465.707 GC heap after
{Heap after GC invocations=124 (full 0):
 garbage-first heap   total 737280K, used 362422K [0x0000000080000000, 0x0000000100000000)
  region size 1024K, 9 young (9216K), 9 survivors (9216K)
 Metaspace       used 236009K, committed 237888K, reserved 1261568K
  class space    used 30100K, committed 30976K, reserved 1048576K
}
Event: 6066.226 GC heap before
{Heap before GC invocations=125 (full 0):
 garbage-first heap   total 737280K, used 422838K [0x0000000080000000, 0x0000000100000000)
  region size 1024K, 114 young (116736K), 9 survivors (9216K)
 Metaspace       used 236059K, committed 237888K, reserved 1261568K
  class space    used 30101K, committed 30976K, reserved 1048576K
}
Event: 6067.179 GC heap after
{Heap after GC invocations=126 (full 1):
 garbage-first heap   total 430080K, used 125624K [0x0000000080000000, 0x0000000100000000)
  region size 1024K, 0 young (0K), 0 survivors (0K)
 Metaspace       used 236059K, committed 237888K, reserved 1261568K
  class space    used 30101K, committed 30976K, reserved 1048576K
}
Event: 6927.710 GC heap before
{Heap before GC invocations=126 (full 1):
 garbage-first heap   total 430080K, used 241336K [0x0000000080000000, 0x0000000100000000)
  region size 1024K, 114 young (116736K), 0 survivors (0K)
 Metaspace       used 236124K, committed 237952K, reserved 1261568K
  class space    used 30103K, committed 30976K, reserved 1048576K
}
Event: 6927.730 GC heap after
{Heap after GC invocations=127 (full 1):
 garbage-first heap   total 430080K, used 137840K [0x0000000080000000, 0x0000000100000000)
  region size 1024K, 12 young (12288K), 12 survivors (12288K)
 Metaspace       used 236124K, committed 237952K, reserved 1261568K
  class space    used 30103K, committed 30976K, reserved 1048576K
}
Event: 6940.395 GC heap before
{Heap before GC invocations=128 (full 1):
 garbage-first heap   total 430080K, used 267888K [0x0000000080000000, 0x0000000100000000)
  region size 1024K, 132 young (135168K), 12 survivors (12288K)
 Metaspace       used 241768K, committed 243456K, reserved 1261568K
  class space    used 30650K, committed 31424K, reserved 1048576K
}
Event: 6940.512 GC heap after
{Heap after GC invocations=129 (full 1):
 garbage-first heap   total 430080K, used 155643K [0x0000000080000000, 0x0000000100000000)
  region size 1024K, 17 young (17408K), 17 survivors (17408K)
 Metaspace       used 241768K, committed 243456K, reserved 1261568K
  class space    used 30650K, committed 31424K, reserved 1048576K
}
Event: 6940.665 GC heap before
{Heap before GC invocations=129 (full 1):
 garbage-first heap   total 430080K, used 158715K [0x0000000080000000, 0x0000000100000000)
  region size 1024K, 21 young (21504K), 17 survivors (17408K)
 Metaspace       used 242779K, committed 244544K, reserved 1269760K
  class space    used 30800K, committed 31616K, reserved 1048576K
}
Event: 6940.703 GC heap after
{Heap after GC invocations=130 (full 1):
 garbage-first heap   total 430080K, used 157676K [0x0000000080000000, 0x0000000100000000)
  region size 1024K, 2 young (2048K), 2 survivors (2048K)
 Metaspace       used 242779K, committed 244544K, reserved 1269760K
  class space    used 30800K, committed 31616K, reserved 1048576K
}

